[2022-09-19 18:23:04,119] {taskinstance.py:1043} INFO - Dependencies all met for <TaskInstance: my_dag.train_model_A scheduled__2022-09-19T11:09:00+00:00 [queued]>
[2022-09-19 18:23:04,125] {taskinstance.py:1043} INFO - Dependencies all met for <TaskInstance: my_dag.train_model_A scheduled__2022-09-19T11:09:00+00:00 [queued]>
[2022-09-19 18:23:04,125] {taskinstance.py:1249} INFO - 
--------------------------------------------------------------------------------
[2022-09-19 18:23:04,125] {taskinstance.py:1250} INFO - Starting attempt 1 of 1
[2022-09-19 18:23:04,125] {taskinstance.py:1251} INFO - 
--------------------------------------------------------------------------------
[2022-09-19 18:23:04,136] {taskinstance.py:1270} INFO - Executing <Task(PythonOperator): train_model_A> on 2022-09-19 11:09:00+00:00
[2022-09-19 18:23:04,138] {standard_task_runner.py:52} INFO - Started process 1523 to run task
[2022-09-19 18:23:04,140] {standard_task_runner.py:79} INFO - Running: ['airflow', 'tasks', 'run', 'my_dag', 'train_model_A', 'scheduled__2022-09-19T11:09:00+00:00', '--job-id', '4', '--raw', '--subdir', 'DAGS_FOLDER/airflow.py', '--cfg-path', '/tmp/tmpcwl_w1fj', '--error-file', '/tmp/tmp0px69_e5']
[2022-09-19 18:23:04,141] {standard_task_runner.py:80} INFO - Job 4: Subtask train_model_A
[2022-09-19 18:23:04,169] {logging_mixin.py:109} INFO - Running <TaskInstance: my_dag.train_model_A scheduled__2022-09-19T11:09:00+00:00 [running]> on host 0eef05c196e2
[2022-09-19 18:23:04,197] {taskinstance.py:1448} INFO - Exporting the following env vars:
AIRFLOW_CTX_DAG_OWNER=airflow
AIRFLOW_CTX_DAG_ID=my_dag
AIRFLOW_CTX_TASK_ID=train_model_A
AIRFLOW_CTX_EXECUTION_DATE=2022-09-19T11:09:00+00:00
AIRFLOW_CTX_DAG_RUN_ID=scheduled__2022-09-19T11:09:00+00:00
[2022-09-19 18:23:04,198] {python.py:175} INFO - Done. Returned value was: 44
[2022-09-19 18:23:04,210] {taskinstance.py:1288} INFO - Marking task as SUCCESS. dag_id=my_dag, task_id=train_model_A, execution_date=20220919T110900, start_date=20220919T125304, end_date=20220919T125304
[2022-09-19 18:23:04,232] {local_task_job.py:154} INFO - Task exited with return code 0
[2022-09-19 18:23:04,263] {local_task_job.py:264} INFO - 0 downstream tasks scheduled from follow-on schedule check
