[2022-09-19 23:46:06,677] {taskinstance.py:1043} INFO - Dependencies all met for <TaskInstance: my_dag1.choose_best_model scheduled__2022-09-19T11:09:00+00:00 [queued]>
[2022-09-19 23:46:06,685] {taskinstance.py:1043} INFO - Dependencies all met for <TaskInstance: my_dag1.choose_best_model scheduled__2022-09-19T11:09:00+00:00 [queued]>
[2022-09-19 23:46:06,685] {taskinstance.py:1249} INFO - 
--------------------------------------------------------------------------------
[2022-09-19 23:46:06,685] {taskinstance.py:1250} INFO - Starting attempt 1 of 1
[2022-09-19 23:46:06,685] {taskinstance.py:1251} INFO - 
--------------------------------------------------------------------------------
[2022-09-19 23:46:06,696] {taskinstance.py:1270} INFO - Executing <Task(BranchPythonOperator): choose_best_model> on 2022-09-19 11:09:00+00:00
[2022-09-19 23:46:06,699] {standard_task_runner.py:52} INFO - Started process 1872 to run task
[2022-09-19 23:46:06,702] {standard_task_runner.py:79} INFO - Running: ['airflow', 'tasks', 'run', 'my_dag1', 'choose_best_model', 'scheduled__2022-09-19T11:09:00+00:00', '--job-id', '27', '--raw', '--subdir', 'DAGS_FOLDER/airflow.py', '--cfg-path', '/tmp/tmp7pib85bc', '--error-file', '/tmp/tmpyf2_46lb']
[2022-09-19 23:46:06,702] {standard_task_runner.py:80} INFO - Job 27: Subtask choose_best_model
[2022-09-19 23:46:06,732] {logging_mixin.py:109} INFO - Running <TaskInstance: my_dag1.choose_best_model scheduled__2022-09-19T11:09:00+00:00 [running]> on host 8eb0791cd07b
[2022-09-19 23:46:06,763] {taskinstance.py:1448} INFO - Exporting the following env vars:
AIRFLOW_CTX_DAG_OWNER=airflow
AIRFLOW_CTX_DAG_ID=my_dag1
AIRFLOW_CTX_TASK_ID=choose_best_model
AIRFLOW_CTX_EXECUTION_DATE=2022-09-19T11:09:00+00:00
AIRFLOW_CTX_DAG_RUN_ID=scheduled__2022-09-19T11:09:00+00:00
[2022-09-19 23:46:06,767] {python.py:175} INFO - Done. Returned value was: accurate
[2022-09-19 23:46:06,767] {skipmixin.py:140} INFO - Following branch accurate
[2022-09-19 23:46:06,767] {skipmixin.py:171} INFO - Skipping tasks ['inaccurate']
[2022-09-19 23:46:06,798] {taskinstance.py:1288} INFO - Marking task as SUCCESS. dag_id=my_dag1, task_id=choose_best_model, execution_date=20220919T110900, start_date=20220919T181606, end_date=20220919T181606
[2022-09-19 23:46:06,833] {local_task_job.py:154} INFO - Task exited with return code 0
[2022-09-19 23:46:06,855] {local_task_job.py:264} INFO - 1 downstream tasks scheduled from follow-on schedule check
