[2022-09-19 18:24:05,712] {taskinstance.py:1043} INFO - Dependencies all met for <TaskInstance: dag2.divide scheduled__2022-09-19T11:09:00+00:00 [queued]>
[2022-09-19 18:24:05,720] {taskinstance.py:1043} INFO - Dependencies all met for <TaskInstance: dag2.divide scheduled__2022-09-19T11:09:00+00:00 [queued]>
[2022-09-19 18:24:05,720] {taskinstance.py:1249} INFO - 
--------------------------------------------------------------------------------
[2022-09-19 18:24:05,720] {taskinstance.py:1250} INFO - Starting attempt 1 of 1
[2022-09-19 18:24:05,720] {taskinstance.py:1251} INFO - 
--------------------------------------------------------------------------------
[2022-09-19 18:24:05,730] {taskinstance.py:1270} INFO - Executing <Task(PythonOperator): divide> on 2022-09-19 11:09:00+00:00
[2022-09-19 18:24:05,733] {standard_task_runner.py:52} INFO - Started process 1620 to run task
[2022-09-19 18:24:05,735] {standard_task_runner.py:79} INFO - Running: ['airflow', 'tasks', 'run', 'dag2', 'divide', 'scheduled__2022-09-19T11:09:00+00:00', '--job-id', '17', '--raw', '--subdir', 'DAGS_FOLDER/dag2.py', '--cfg-path', '/tmp/tmpoklpda_n', '--error-file', '/tmp/tmppbgi01tq']
[2022-09-19 18:24:05,736] {standard_task_runner.py:80} INFO - Job 17: Subtask divide
[2022-09-19 18:24:05,765] {logging_mixin.py:109} INFO - Running <TaskInstance: dag2.divide scheduled__2022-09-19T11:09:00+00:00 [running]> on host 0eef05c196e2
[2022-09-19 18:24:05,795] {taskinstance.py:1448} INFO - Exporting the following env vars:
AIRFLOW_CTX_DAG_OWNER=airflow
AIRFLOW_CTX_DAG_ID=dag2
AIRFLOW_CTX_TASK_ID=divide
AIRFLOW_CTX_EXECUTION_DATE=2022-09-19T11:09:00+00:00
AIRFLOW_CTX_DAG_RUN_ID=scheduled__2022-09-19T11:09:00+00:00
[2022-09-19 18:24:05,795] {python.py:175} INFO - Done. Returned value was: 0.5
[2022-09-19 18:24:05,807] {taskinstance.py:1288} INFO - Marking task as SUCCESS. dag_id=dag2, task_id=divide, execution_date=20220919T110900, start_date=20220919T125405, end_date=20220919T125405
[2022-09-19 18:24:05,826] {local_task_job.py:154} INFO - Task exited with return code 0
[2022-09-19 18:24:05,848] {local_task_job.py:264} INFO - 1 downstream tasks scheduled from follow-on schedule check
