[2022-09-19 22:14:52,175] {taskinstance.py:1043} INFO - Dependencies all met for <TaskInstance: my_dag.accurate manual__2022-09-19T16:44:42.578336+00:00 [queued]>
[2022-09-19 22:14:52,184] {taskinstance.py:1043} INFO - Dependencies all met for <TaskInstance: my_dag.accurate manual__2022-09-19T16:44:42.578336+00:00 [queued]>
[2022-09-19 22:14:52,185] {taskinstance.py:1249} INFO - 
--------------------------------------------------------------------------------
[2022-09-19 22:14:52,185] {taskinstance.py:1250} INFO - Starting attempt 1 of 1
[2022-09-19 22:14:52,185] {taskinstance.py:1251} INFO - 
--------------------------------------------------------------------------------
[2022-09-19 22:14:52,196] {taskinstance.py:1270} INFO - Executing <Task(BashOperator): accurate> on 2022-09-19 16:44:42.578336+00:00
[2022-09-19 22:14:52,198] {standard_task_runner.py:52} INFO - Started process 5175 to run task
[2022-09-19 22:14:52,200] {standard_task_runner.py:79} INFO - Running: ['airflow', 'tasks', 'run', 'my_dag', 'accurate', 'manual__2022-09-19T16:44:42.578336+00:00', '--job-id', '33', '--raw', '--subdir', 'DAGS_FOLDER/airflow.py', '--cfg-path', '/tmp/tmpxdjrr9_6', '--error-file', '/tmp/tmp6ttyr0f1']
[2022-09-19 22:14:52,201] {standard_task_runner.py:80} INFO - Job 33: Subtask accurate
[2022-09-19 22:14:52,234] {logging_mixin.py:109} INFO - Running <TaskInstance: my_dag.accurate manual__2022-09-19T16:44:42.578336+00:00 [running]> on host 0eef05c196e2
[2022-09-19 22:14:52,269] {taskinstance.py:1448} INFO - Exporting the following env vars:
AIRFLOW_CTX_DAG_OWNER=airflow
AIRFLOW_CTX_DAG_ID=my_dag
AIRFLOW_CTX_TASK_ID=accurate
AIRFLOW_CTX_EXECUTION_DATE=2022-09-19T16:44:42.578336+00:00
AIRFLOW_CTX_DAG_RUN_ID=manual__2022-09-19T16:44:42.578336+00:00
[2022-09-19 22:14:52,270] {subprocess.py:62} INFO - Tmp dir root location: 
 /tmp
[2022-09-19 22:14:52,270] {subprocess.py:74} INFO - Running command: ['bash', '-c', "echo 'accurate'"]
[2022-09-19 22:14:52,276] {subprocess.py:85} INFO - Output:
[2022-09-19 22:14:52,277] {subprocess.py:89} INFO - accurate
[2022-09-19 22:14:52,278] {subprocess.py:93} INFO - Command exited with return code 0
[2022-09-19 22:14:52,293] {taskinstance.py:1288} INFO - Marking task as SUCCESS. dag_id=my_dag, task_id=accurate, execution_date=20220919T164442, start_date=20220919T164452, end_date=20220919T164452
[2022-09-19 22:14:52,332] {local_task_job.py:154} INFO - Task exited with return code 0
[2022-09-19 22:14:52,349] {local_task_job.py:264} INFO - 0 downstream tasks scheduled from follow-on schedule check
