[2022-09-19 23:44:39,620] {taskinstance.py:1043} INFO - Dependencies all met for <TaskInstance: my_dag.train_model_A manual__2022-09-19T18:14:37.071070+00:00 [queued]>
[2022-09-19 23:44:39,627] {taskinstance.py:1043} INFO - Dependencies all met for <TaskInstance: my_dag.train_model_A manual__2022-09-19T18:14:37.071070+00:00 [queued]>
[2022-09-19 23:44:39,628] {taskinstance.py:1249} INFO - 
--------------------------------------------------------------------------------
[2022-09-19 23:44:39,628] {taskinstance.py:1250} INFO - Starting attempt 1 of 1
[2022-09-19 23:44:39,628] {taskinstance.py:1251} INFO - 
--------------------------------------------------------------------------------
[2022-09-19 23:44:39,639] {taskinstance.py:1270} INFO - Executing <Task(PythonOperator): train_model_A> on 2022-09-19 18:14:37.071070+00:00
[2022-09-19 23:44:39,645] {standard_task_runner.py:52} INFO - Started process 1749 to run task
[2022-09-19 23:44:39,650] {standard_task_runner.py:79} INFO - Running: ['airflow', 'tasks', 'run', 'my_dag', 'train_model_A', 'manual__2022-09-19T18:14:37.071070+00:00', '--job-id', '15', '--raw', '--subdir', 'DAGS_FOLDER/airflow.py', '--cfg-path', '/tmp/tmpgznhn5v8', '--error-file', '/tmp/tmpsnb_pq8a']
[2022-09-19 23:44:39,651] {standard_task_runner.py:80} INFO - Job 15: Subtask train_model_A
[2022-09-19 23:44:39,688] {logging_mixin.py:109} INFO - Running <TaskInstance: my_dag.train_model_A manual__2022-09-19T18:14:37.071070+00:00 [running]> on host 8eb0791cd07b
[2022-09-19 23:44:39,724] {taskinstance.py:1448} INFO - Exporting the following env vars:
AIRFLOW_CTX_DAG_OWNER=airflow
AIRFLOW_CTX_DAG_ID=my_dag
AIRFLOW_CTX_TASK_ID=train_model_A
AIRFLOW_CTX_EXECUTION_DATE=2022-09-19T18:14:37.071070+00:00
AIRFLOW_CTX_DAG_RUN_ID=manual__2022-09-19T18:14:37.071070+00:00
[2022-09-19 23:44:39,724] {python.py:175} INFO - Done. Returned value was: 4
[2022-09-19 23:44:39,736] {taskinstance.py:1288} INFO - Marking task as SUCCESS. dag_id=my_dag, task_id=train_model_A, execution_date=20220919T181437, start_date=20220919T181439, end_date=20220919T181439
[2022-09-19 23:44:39,781] {local_task_job.py:154} INFO - Task exited with return code 0
[2022-09-19 23:44:39,833] {local_task_job.py:264} INFO - 0 downstream tasks scheduled from follow-on schedule check
