[2022-09-19 18:23:13,590] {taskinstance.py:1043} INFO - Dependencies all met for <TaskInstance: my_dag.train_model_C manual__2022-09-19T12:53:05.651457+00:00 [queued]>
[2022-09-19 18:23:13,597] {taskinstance.py:1043} INFO - Dependencies all met for <TaskInstance: my_dag.train_model_C manual__2022-09-19T12:53:05.651457+00:00 [queued]>
[2022-09-19 18:23:13,597] {taskinstance.py:1249} INFO - 
--------------------------------------------------------------------------------
[2022-09-19 18:23:13,597] {taskinstance.py:1250} INFO - Starting attempt 1 of 1
[2022-09-19 18:23:13,597] {taskinstance.py:1251} INFO - 
--------------------------------------------------------------------------------
[2022-09-19 18:23:13,608] {taskinstance.py:1270} INFO - Executing <Task(PythonOperator): train_model_C> on 2022-09-19 12:53:05.651457+00:00
[2022-09-19 18:23:13,610] {standard_task_runner.py:52} INFO - Started process 1544 to run task
[2022-09-19 18:23:13,613] {standard_task_runner.py:79} INFO - Running: ['airflow', 'tasks', 'run', 'my_dag', 'train_model_C', 'manual__2022-09-19T12:53:05.651457+00:00', '--job-id', '9', '--raw', '--subdir', 'DAGS_FOLDER/airflow.py', '--cfg-path', '/tmp/tmpqwh64pg3', '--error-file', '/tmp/tmpi_5v3me6']
[2022-09-19 18:23:13,613] {standard_task_runner.py:80} INFO - Job 9: Subtask train_model_C
[2022-09-19 18:23:13,643] {logging_mixin.py:109} INFO - Running <TaskInstance: my_dag.train_model_C manual__2022-09-19T12:53:05.651457+00:00 [running]> on host 0eef05c196e2
[2022-09-19 18:23:13,689] {taskinstance.py:1448} INFO - Exporting the following env vars:
AIRFLOW_CTX_DAG_OWNER=airflow
AIRFLOW_CTX_DAG_ID=my_dag
AIRFLOW_CTX_TASK_ID=train_model_C
AIRFLOW_CTX_EXECUTION_DATE=2022-09-19T12:53:05.651457+00:00
AIRFLOW_CTX_DAG_RUN_ID=manual__2022-09-19T12:53:05.651457+00:00
[2022-09-19 18:23:13,690] {python.py:175} INFO - Done. Returned value was: 41
[2022-09-19 18:23:13,702] {taskinstance.py:1288} INFO - Marking task as SUCCESS. dag_id=my_dag, task_id=train_model_C, execution_date=20220919T125305, start_date=20220919T125313, end_date=20220919T125313
[2022-09-19 18:23:13,744] {local_task_job.py:154} INFO - Task exited with return code 0
[2022-09-19 18:23:13,799] {local_task_job.py:264} INFO - 1 downstream tasks scheduled from follow-on schedule check
