[2022-09-19 18:24:07,679] {taskinstance.py:1043} INFO - Dependencies all met for <TaskInstance: dag2.success scheduled__2022-09-19T11:09:00+00:00 [queued]>
[2022-09-19 18:24:07,687] {taskinstance.py:1043} INFO - Dependencies all met for <TaskInstance: dag2.success scheduled__2022-09-19T11:09:00+00:00 [queued]>
[2022-09-19 18:24:07,687] {taskinstance.py:1249} INFO - 
--------------------------------------------------------------------------------
[2022-09-19 18:24:07,687] {taskinstance.py:1250} INFO - Starting attempt 1 of 1
[2022-09-19 18:24:07,687] {taskinstance.py:1251} INFO - 
--------------------------------------------------------------------------------
[2022-09-19 18:24:07,697] {taskinstance.py:1270} INFO - Executing <Task(BashOperator): success> on 2022-09-19 11:09:00+00:00
[2022-09-19 18:24:07,700] {standard_task_runner.py:52} INFO - Started process 1625 to run task
[2022-09-19 18:24:07,702] {standard_task_runner.py:79} INFO - Running: ['airflow', 'tasks', 'run', 'dag2', 'success', 'scheduled__2022-09-19T11:09:00+00:00', '--job-id', '18', '--raw', '--subdir', 'DAGS_FOLDER/dag2.py', '--cfg-path', '/tmp/tmpij53349u', '--error-file', '/tmp/tmpdg5ngjws']
[2022-09-19 18:24:07,703] {standard_task_runner.py:80} INFO - Job 18: Subtask success
[2022-09-19 18:24:07,731] {logging_mixin.py:109} INFO - Running <TaskInstance: dag2.success scheduled__2022-09-19T11:09:00+00:00 [running]> on host 0eef05c196e2
[2022-09-19 18:24:07,764] {taskinstance.py:1448} INFO - Exporting the following env vars:
AIRFLOW_CTX_DAG_OWNER=airflow
AIRFLOW_CTX_DAG_ID=dag2
AIRFLOW_CTX_TASK_ID=success
AIRFLOW_CTX_EXECUTION_DATE=2022-09-19T11:09:00+00:00
AIRFLOW_CTX_DAG_RUN_ID=scheduled__2022-09-19T11:09:00+00:00
[2022-09-19 18:24:07,765] {subprocess.py:62} INFO - Tmp dir root location: 
 /tmp
[2022-09-19 18:24:07,766] {subprocess.py:74} INFO - Running command: ['bash', '-c', 'echo success']
[2022-09-19 18:24:07,771] {subprocess.py:85} INFO - Output:
[2022-09-19 18:24:07,771] {subprocess.py:89} INFO - success
[2022-09-19 18:24:07,772] {subprocess.py:93} INFO - Command exited with return code 0
[2022-09-19 18:24:07,786] {taskinstance.py:1288} INFO - Marking task as SUCCESS. dag_id=dag2, task_id=success, execution_date=20220919T110900, start_date=20220919T125407, end_date=20220919T125407
[2022-09-19 18:24:07,834] {local_task_job.py:154} INFO - Task exited with return code 0
[2022-09-19 18:24:07,855] {local_task_job.py:264} INFO - 0 downstream tasks scheduled from follow-on schedule check
