[2022-09-20 00:48:57,624] {taskinstance.py:1043} INFO - Dependencies all met for <TaskInstance: my_dag.task1 scheduled__2022-09-19T11:09:00+00:00 [queued]>
[2022-09-20 00:48:57,632] {taskinstance.py:1043} INFO - Dependencies all met for <TaskInstance: my_dag.task1 scheduled__2022-09-19T11:09:00+00:00 [queued]>
[2022-09-20 00:48:57,632] {taskinstance.py:1249} INFO - 
--------------------------------------------------------------------------------
[2022-09-20 00:48:57,632] {taskinstance.py:1250} INFO - Starting attempt 1 of 1
[2022-09-20 00:48:57,632] {taskinstance.py:1251} INFO - 
--------------------------------------------------------------------------------
[2022-09-20 00:48:57,642] {taskinstance.py:1270} INFO - Executing <Task(BashOperator): task1> on 2022-09-19 11:09:00+00:00
[2022-09-20 00:48:57,644] {standard_task_runner.py:52} INFO - Started process 5617 to run task
[2022-09-20 00:48:57,646] {standard_task_runner.py:79} INFO - Running: ['airflow', 'tasks', 'run', 'my_dag', 'task1', 'scheduled__2022-09-19T11:09:00+00:00', '--job-id', '39', '--raw', '--subdir', 'DAGS_FOLDER/dag1_bashoperator.py', '--cfg-path', '/tmp/tmpvvzfda6_', '--error-file', '/tmp/tmp8pgh3rsd']
[2022-09-20 00:48:57,647] {standard_task_runner.py:80} INFO - Job 39: Subtask task1
[2022-09-20 00:48:57,674] {logging_mixin.py:109} INFO - Running <TaskInstance: my_dag.task1 scheduled__2022-09-19T11:09:00+00:00 [running]> on host 8eb0791cd07b
[2022-09-20 00:48:57,713] {taskinstance.py:1448} INFO - Exporting the following env vars:
AIRFLOW_CTX_DAG_OWNER=airflow
AIRFLOW_CTX_DAG_ID=my_dag
AIRFLOW_CTX_TASK_ID=task1
AIRFLOW_CTX_EXECUTION_DATE=2022-09-19T11:09:00+00:00
AIRFLOW_CTX_DAG_RUN_ID=scheduled__2022-09-19T11:09:00+00:00
[2022-09-20 00:48:57,714] {subprocess.py:62} INFO - Tmp dir root location: 
 /tmp
[2022-09-20 00:48:57,715] {subprocess.py:74} INFO - Running command: ['bash', '-c', "echo 'hello world'"]
[2022-09-20 00:48:57,722] {subprocess.py:85} INFO - Output:
[2022-09-20 00:48:57,724] {subprocess.py:89} INFO - hello world
[2022-09-20 00:48:57,724] {subprocess.py:93} INFO - Command exited with return code 0
[2022-09-20 00:48:57,740] {taskinstance.py:1288} INFO - Marking task as SUCCESS. dag_id=my_dag, task_id=task1, execution_date=20220919T110900, start_date=20220919T191857, end_date=20220919T191857
[2022-09-20 00:48:57,778] {local_task_job.py:154} INFO - Task exited with return code 0
[2022-09-20 00:48:57,798] {local_task_job.py:264} INFO - 1 downstream tasks scheduled from follow-on schedule check
