[2022-09-20 00:39:54,712] {taskinstance.py:1043} INFO - Dependencies all met for <TaskInstance: my_dag.task1 manual__2022-09-19T19:09:52.557300+00:00 [queued]>
[2022-09-20 00:39:54,718] {taskinstance.py:1043} INFO - Dependencies all met for <TaskInstance: my_dag.task1 manual__2022-09-19T19:09:52.557300+00:00 [queued]>
[2022-09-20 00:39:54,718] {taskinstance.py:1249} INFO - 
--------------------------------------------------------------------------------
[2022-09-20 00:39:54,718] {taskinstance.py:1250} INFO - Starting attempt 1 of 1
[2022-09-20 00:39:54,718] {taskinstance.py:1251} INFO - 
--------------------------------------------------------------------------------
[2022-09-20 00:39:54,732] {taskinstance.py:1270} INFO - Executing <Task(BashOperator): task1> on 2022-09-19 19:09:52.557300+00:00
[2022-09-20 00:39:54,733] {standard_task_runner.py:52} INFO - Started process 5070 to run task
[2022-09-20 00:39:54,736] {standard_task_runner.py:79} INFO - Running: ['airflow', 'tasks', 'run', 'my_dag', 'task1', 'manual__2022-09-19T19:09:52.557300+00:00', '--job-id', '37', '--raw', '--subdir', 'DAGS_FOLDER/dag1_bashoperator.py', '--cfg-path', '/tmp/tmpt0k1tvwa', '--error-file', '/tmp/tmp6l07coo8']
[2022-09-20 00:39:54,736] {standard_task_runner.py:80} INFO - Job 37: Subtask task1
[2022-09-20 00:39:54,767] {logging_mixin.py:109} INFO - Running <TaskInstance: my_dag.task1 manual__2022-09-19T19:09:52.557300+00:00 [running]> on host 8eb0791cd07b
[2022-09-20 00:39:54,800] {taskinstance.py:1448} INFO - Exporting the following env vars:
AIRFLOW_CTX_DAG_OWNER=airflow
AIRFLOW_CTX_DAG_ID=my_dag
AIRFLOW_CTX_TASK_ID=task1
AIRFLOW_CTX_EXECUTION_DATE=2022-09-19T19:09:52.557300+00:00
AIRFLOW_CTX_DAG_RUN_ID=manual__2022-09-19T19:09:52.557300+00:00
[2022-09-20 00:39:54,800] {subprocess.py:62} INFO - Tmp dir root location: 
 /tmp
[2022-09-20 00:39:54,801] {subprocess.py:74} INFO - Running command: ['bash', '-c', "echo 'hello world'"]
[2022-09-20 00:39:54,805] {subprocess.py:85} INFO - Output:
[2022-09-20 00:39:54,806] {subprocess.py:89} INFO - hello world
[2022-09-20 00:39:54,806] {subprocess.py:93} INFO - Command exited with return code 0
[2022-09-20 00:39:54,829] {taskinstance.py:1288} INFO - Marking task as SUCCESS. dag_id=my_dag, task_id=task1, execution_date=20220919T190952, start_date=20220919T190954, end_date=20220919T190954
[2022-09-20 00:39:54,867] {local_task_job.py:154} INFO - Task exited with return code 0
[2022-09-20 00:39:54,886] {local_task_job.py:264} INFO - 1 downstream tasks scheduled from follow-on schedule check
