[2022-09-19 22:14:50,019] {taskinstance.py:1043} INFO - Dependencies all met for <TaskInstance: my_dag.choose_best_model manual__2022-09-19T16:44:42.578336+00:00 [queued]>
[2022-09-19 22:14:50,027] {taskinstance.py:1043} INFO - Dependencies all met for <TaskInstance: my_dag.choose_best_model manual__2022-09-19T16:44:42.578336+00:00 [queued]>
[2022-09-19 22:14:50,027] {taskinstance.py:1249} INFO - 
--------------------------------------------------------------------------------
[2022-09-19 22:14:50,027] {taskinstance.py:1250} INFO - Starting attempt 1 of 1
[2022-09-19 22:14:50,027] {taskinstance.py:1251} INFO - 
--------------------------------------------------------------------------------
[2022-09-19 22:14:50,038] {taskinstance.py:1270} INFO - Executing <Task(BranchPythonOperator): choose_best_model> on 2022-09-19 16:44:42.578336+00:00
[2022-09-19 22:14:50,040] {standard_task_runner.py:52} INFO - Started process 5170 to run task
[2022-09-19 22:14:50,043] {standard_task_runner.py:79} INFO - Running: ['airflow', 'tasks', 'run', 'my_dag', 'choose_best_model', 'manual__2022-09-19T16:44:42.578336+00:00', '--job-id', '32', '--raw', '--subdir', 'DAGS_FOLDER/airflow.py', '--cfg-path', '/tmp/tmpbiqnwdo8', '--error-file', '/tmp/tmpktu5sp10']
[2022-09-19 22:14:50,044] {standard_task_runner.py:80} INFO - Job 32: Subtask choose_best_model
[2022-09-19 22:14:50,080] {logging_mixin.py:109} INFO - Running <TaskInstance: my_dag.choose_best_model manual__2022-09-19T16:44:42.578336+00:00 [running]> on host 0eef05c196e2
[2022-09-19 22:14:50,116] {taskinstance.py:1448} INFO - Exporting the following env vars:
AIRFLOW_CTX_DAG_OWNER=airflow
AIRFLOW_CTX_DAG_ID=my_dag
AIRFLOW_CTX_TASK_ID=choose_best_model
AIRFLOW_CTX_EXECUTION_DATE=2022-09-19T16:44:42.578336+00:00
AIRFLOW_CTX_DAG_RUN_ID=manual__2022-09-19T16:44:42.578336+00:00
[2022-09-19 22:14:50,119] {python.py:175} INFO - Done. Returned value was: accurate
[2022-09-19 22:14:50,119] {skipmixin.py:140} INFO - Following branch accurate
[2022-09-19 22:14:50,119] {skipmixin.py:171} INFO - Skipping tasks ['inaccurate']
[2022-09-19 22:14:50,142] {taskinstance.py:1288} INFO - Marking task as SUCCESS. dag_id=my_dag, task_id=choose_best_model, execution_date=20220919T164442, start_date=20220919T164450, end_date=20220919T164450
[2022-09-19 22:14:50,174] {local_task_job.py:154} INFO - Task exited with return code 0
[2022-09-19 22:14:50,197] {local_task_job.py:264} INFO - 1 downstream tasks scheduled from follow-on schedule check
