[2022-09-19 23:44:15,630] {taskinstance.py:1043} INFO - Dependencies all met for <TaskInstance: dag2.divide manual__2022-09-19T18:14:07.975959+00:00 [queued]>
[2022-09-19 23:44:15,637] {taskinstance.py:1043} INFO - Dependencies all met for <TaskInstance: dag2.divide manual__2022-09-19T18:14:07.975959+00:00 [queued]>
[2022-09-19 23:44:15,637] {taskinstance.py:1249} INFO - 
--------------------------------------------------------------------------------
[2022-09-19 23:44:15,637] {taskinstance.py:1250} INFO - Starting attempt 1 of 1
[2022-09-19 23:44:15,637] {taskinstance.py:1251} INFO - 
--------------------------------------------------------------------------------
[2022-09-19 23:44:15,647] {taskinstance.py:1270} INFO - Executing <Task(PythonOperator): divide> on 2022-09-19 18:14:07.975959+00:00
[2022-09-19 23:44:15,650] {standard_task_runner.py:52} INFO - Started process 1719 to run task
[2022-09-19 23:44:15,652] {standard_task_runner.py:79} INFO - Running: ['airflow', 'tasks', 'run', 'dag2', 'divide', 'manual__2022-09-19T18:14:07.975959+00:00', '--job-id', '13', '--raw', '--subdir', 'DAGS_FOLDER/dag2.py', '--cfg-path', '/tmp/tmpyzfquwts', '--error-file', '/tmp/tmplzwsr_8z']
[2022-09-19 23:44:15,653] {standard_task_runner.py:80} INFO - Job 13: Subtask divide
[2022-09-19 23:44:15,684] {logging_mixin.py:109} INFO - Running <TaskInstance: dag2.divide manual__2022-09-19T18:14:07.975959+00:00 [running]> on host 8eb0791cd07b
[2022-09-19 23:44:15,720] {taskinstance.py:1448} INFO - Exporting the following env vars:
AIRFLOW_CTX_DAG_OWNER=airflow
AIRFLOW_CTX_DAG_ID=dag2
AIRFLOW_CTX_TASK_ID=divide
AIRFLOW_CTX_EXECUTION_DATE=2022-09-19T18:14:07.975959+00:00
AIRFLOW_CTX_DAG_RUN_ID=manual__2022-09-19T18:14:07.975959+00:00
[2022-09-19 23:44:15,721] {python.py:175} INFO - Done. Returned value was: 0.5
[2022-09-19 23:44:15,732] {taskinstance.py:1288} INFO - Marking task as SUCCESS. dag_id=dag2, task_id=divide, execution_date=20220919T181407, start_date=20220919T181415, end_date=20220919T181415
[2022-09-19 23:44:15,784] {local_task_job.py:154} INFO - Task exited with return code 0
[2022-09-19 23:44:15,810] {local_task_job.py:264} INFO - 1 downstream tasks scheduled from follow-on schedule check
