[2022-09-19 18:23:06,113] {taskinstance.py:1043} INFO - Dependencies all met for <TaskInstance: my_dag.train_model_B scheduled__2022-09-19T11:09:00+00:00 [queued]>
[2022-09-19 18:23:06,125] {taskinstance.py:1043} INFO - Dependencies all met for <TaskInstance: my_dag.train_model_B scheduled__2022-09-19T11:09:00+00:00 [queued]>
[2022-09-19 18:23:06,125] {taskinstance.py:1249} INFO - 
--------------------------------------------------------------------------------
[2022-09-19 18:23:06,126] {taskinstance.py:1250} INFO - Starting attempt 1 of 1
[2022-09-19 18:23:06,126] {taskinstance.py:1251} INFO - 
--------------------------------------------------------------------------------
[2022-09-19 18:23:06,141] {taskinstance.py:1270} INFO - Executing <Task(PythonOperator): train_model_B> on 2022-09-19 11:09:00+00:00
[2022-09-19 18:23:06,144] {standard_task_runner.py:52} INFO - Started process 1527 to run task
[2022-09-19 18:23:06,147] {standard_task_runner.py:79} INFO - Running: ['airflow', 'tasks', 'run', 'my_dag', 'train_model_B', 'scheduled__2022-09-19T11:09:00+00:00', '--job-id', '5', '--raw', '--subdir', 'DAGS_FOLDER/airflow.py', '--cfg-path', '/tmp/tmpf3ct2lex', '--error-file', '/tmp/tmpblv1bwvl']
[2022-09-19 18:23:06,147] {standard_task_runner.py:80} INFO - Job 5: Subtask train_model_B
[2022-09-19 18:23:06,179] {logging_mixin.py:109} INFO - Running <TaskInstance: my_dag.train_model_B scheduled__2022-09-19T11:09:00+00:00 [running]> on host 0eef05c196e2
[2022-09-19 18:23:06,227] {taskinstance.py:1448} INFO - Exporting the following env vars:
AIRFLOW_CTX_DAG_OWNER=airflow
AIRFLOW_CTX_DAG_ID=my_dag
AIRFLOW_CTX_TASK_ID=train_model_B
AIRFLOW_CTX_EXECUTION_DATE=2022-09-19T11:09:00+00:00
AIRFLOW_CTX_DAG_RUN_ID=scheduled__2022-09-19T11:09:00+00:00
[2022-09-19 18:23:06,227] {python.py:175} INFO - Done. Returned value was: 16
[2022-09-19 18:23:06,245] {taskinstance.py:1288} INFO - Marking task as SUCCESS. dag_id=my_dag, task_id=train_model_B, execution_date=20220919T110900, start_date=20220919T125306, end_date=20220919T125306
[2022-09-19 18:23:06,278] {local_task_job.py:154} INFO - Task exited with return code 0
[2022-09-19 18:23:06,308] {local_task_job.py:264} INFO - 0 downstream tasks scheduled from follow-on schedule check
