[2022-09-19 23:40:36,884] {processor.py:163} INFO - Started process (PID=217) to work on /home/airflow/dags/dag1.py
[2022-09-19 23:40:36,885] {processor.py:642} INFO - Processing file /home/airflow/dags/dag1.py for tasks to queue
[2022-09-19 23:40:36,885] {logging_mixin.py:109} INFO - [2022-09-19 23:40:36,885] {dagbag.py:500} INFO - Filling up the DagBag from /home/airflow/dags/dag1.py
[2022-09-19 23:40:36,889] {logging_mixin.py:109} INFO - [2022-09-19 23:40:36,889] {dagbag.py:334} ERROR - Failed to import: /home/airflow/dags/dag1.py
Traceback (most recent call last):
  File "/usr/local/conda/lib/python3.7/site-packages/airflow/models/dagbag.py", line 331, in _load_modules_from_file
    loader.exec_module(new_module)
  File "<frozen importlib._bootstrap_external>", line 728, in exec_module
  File "<frozen importlib._bootstrap>", line 219, in _call_with_frames_removed
  File "/home/airflow/dags/dag1.py", line 8, in <module>
    "retry_delay":datetime.timedelta(minutes=1),
AttributeError: type object 'datetime.datetime' has no attribute 'timedelta'
[2022-09-19 23:40:36,890] {processor.py:654} WARNING - No viable dags retrieved from /home/airflow/dags/dag1.py
[2022-09-19 23:40:36,909] {processor.py:171} INFO - Processing /home/airflow/dags/dag1.py took 0.027 seconds
[2022-09-19 23:41:14,805] {processor.py:163} INFO - Started process (PID=1504) to work on /home/airflow/dags/dag1.py
[2022-09-19 23:41:14,806] {processor.py:642} INFO - Processing file /home/airflow/dags/dag1.py for tasks to queue
[2022-09-19 23:41:14,806] {logging_mixin.py:109} INFO - [2022-09-19 23:41:14,806] {dagbag.py:500} INFO - Filling up the DagBag from /home/airflow/dags/dag1.py
[2022-09-19 23:41:14,810] {logging_mixin.py:109} INFO - [2022-09-19 23:41:14,810] {dagbag.py:334} ERROR - Failed to import: /home/airflow/dags/dag1.py
Traceback (most recent call last):
  File "/usr/local/conda/lib/python3.7/site-packages/airflow/models/dagbag.py", line 331, in _load_modules_from_file
    loader.exec_module(new_module)
  File "<frozen importlib._bootstrap_external>", line 728, in exec_module
  File "<frozen importlib._bootstrap>", line 219, in _call_with_frames_removed
  File "/home/airflow/dags/dag1.py", line 8, in <module>
    "retry_delay":datetime.timedelta(minutes=1),
AttributeError: type object 'datetime.datetime' has no attribute 'timedelta'
[2022-09-19 23:41:14,810] {processor.py:654} WARNING - No viable dags retrieved from /home/airflow/dags/dag1.py
[2022-09-19 23:41:14,822] {processor.py:171} INFO - Processing /home/airflow/dags/dag1.py took 0.019 seconds
[2022-09-19 23:41:20,499] {processor.py:163} INFO - Started process (PID=1511) to work on /home/airflow/dags/dag1.py
[2022-09-19 23:41:20,501] {processor.py:642} INFO - Processing file /home/airflow/dags/dag1.py for tasks to queue
[2022-09-19 23:41:20,502] {logging_mixin.py:109} INFO - [2022-09-19 23:41:20,502] {dagbag.py:500} INFO - Filling up the DagBag from /home/airflow/dags/dag1.py
[2022-09-19 23:41:20,511] {logging_mixin.py:109} INFO - [2022-09-19 23:41:20,510] {dagbag.py:334} ERROR - Failed to import: /home/airflow/dags/dag1.py
Traceback (most recent call last):
  File "/usr/local/conda/lib/python3.7/site-packages/airflow/models/dagbag.py", line 331, in _load_modules_from_file
    loader.exec_module(new_module)
  File "<frozen importlib._bootstrap_external>", line 728, in exec_module
  File "<frozen importlib._bootstrap>", line 219, in _call_with_frames_removed
  File "/home/airflow/dags/dag1.py", line 8, in <module>
    "retry_delay":datetime.timedelta(minutes=1),
AttributeError: type object 'datetime.datetime' has no attribute 'timedelta'
[2022-09-19 23:41:20,511] {processor.py:654} WARNING - No viable dags retrieved from /home/airflow/dags/dag1.py
[2022-09-19 23:41:20,525] {processor.py:171} INFO - Processing /home/airflow/dags/dag1.py took 0.034 seconds
[2022-09-19 23:41:30,848] {processor.py:163} INFO - Started process (PID=1521) to work on /home/airflow/dags/dag1.py
[2022-09-19 23:41:30,851] {processor.py:642} INFO - Processing file /home/airflow/dags/dag1.py for tasks to queue
[2022-09-19 23:41:30,853] {logging_mixin.py:109} INFO - [2022-09-19 23:41:30,852] {dagbag.py:500} INFO - Filling up the DagBag from /home/airflow/dags/dag1.py
[2022-09-19 23:41:30,865] {logging_mixin.py:109} INFO - [2022-09-19 23:41:30,864] {dagbag.py:334} ERROR - Failed to import: /home/airflow/dags/dag1.py
Traceback (most recent call last):
  File "/usr/local/conda/lib/python3.7/site-packages/airflow/models/dagbag.py", line 331, in _load_modules_from_file
    loader.exec_module(new_module)
  File "<frozen importlib._bootstrap_external>", line 728, in exec_module
  File "<frozen importlib._bootstrap>", line 219, in _call_with_frames_removed
  File "/home/airflow/dags/dag1.py", line 8, in <module>
    "retry_delay":datetime.timedelta(minutes=1),
AttributeError: type object 'datetime.datetime' has no attribute 'timedelta'
[2022-09-19 23:41:30,866] {processor.py:654} WARNING - No viable dags retrieved from /home/airflow/dags/dag1.py
[2022-09-19 23:41:30,882] {processor.py:171} INFO - Processing /home/airflow/dags/dag1.py took 0.041 seconds
[2022-09-19 23:41:42,321] {processor.py:163} INFO - Started process (PID=1532) to work on /home/airflow/dags/dag1.py
[2022-09-19 23:41:42,322] {processor.py:642} INFO - Processing file /home/airflow/dags/dag1.py for tasks to queue
[2022-09-19 23:41:42,323] {logging_mixin.py:109} INFO - [2022-09-19 23:41:42,323] {dagbag.py:500} INFO - Filling up the DagBag from /home/airflow/dags/dag1.py
[2022-09-19 23:41:42,327] {logging_mixin.py:109} INFO - [2022-09-19 23:41:42,326] {dagbag.py:334} ERROR - Failed to import: /home/airflow/dags/dag1.py
Traceback (most recent call last):
  File "/usr/local/conda/lib/python3.7/site-packages/airflow/models/dagbag.py", line 331, in _load_modules_from_file
    loader.exec_module(new_module)
  File "<frozen importlib._bootstrap_external>", line 728, in exec_module
  File "<frozen importlib._bootstrap>", line 219, in _call_with_frames_removed
  File "/home/airflow/dags/dag1.py", line 8, in <module>
    "retry_delay":datetime.timedelta(minutes=1),
AttributeError: type object 'datetime.datetime' has no attribute 'timedelta'
[2022-09-19 23:41:42,327] {processor.py:654} WARNING - No viable dags retrieved from /home/airflow/dags/dag1.py
[2022-09-19 23:41:42,340] {processor.py:171} INFO - Processing /home/airflow/dags/dag1.py took 0.020 seconds
[2022-09-19 23:41:57,834] {processor.py:163} INFO - Started process (PID=1549) to work on /home/airflow/dags/dag1.py
[2022-09-19 23:41:57,835] {processor.py:642} INFO - Processing file /home/airflow/dags/dag1.py for tasks to queue
[2022-09-19 23:41:57,836] {logging_mixin.py:109} INFO - [2022-09-19 23:41:57,836] {dagbag.py:500} INFO - Filling up the DagBag from /home/airflow/dags/dag1.py
[2022-09-19 23:41:57,841] {logging_mixin.py:109} INFO - [2022-09-19 23:41:57,840] {dagbag.py:334} ERROR - Failed to import: /home/airflow/dags/dag1.py
Traceback (most recent call last):
  File "/usr/local/conda/lib/python3.7/site-packages/airflow/models/dagbag.py", line 331, in _load_modules_from_file
    loader.exec_module(new_module)
  File "<frozen importlib._bootstrap_external>", line 728, in exec_module
  File "<frozen importlib._bootstrap>", line 219, in _call_with_frames_removed
  File "/home/airflow/dags/dag1.py", line 8, in <module>
    "retry_delay":datetime.timedelta(minutes=1),
AttributeError: type object 'datetime.datetime' has no attribute 'timedelta'
[2022-09-19 23:41:57,841] {processor.py:654} WARNING - No viable dags retrieved from /home/airflow/dags/dag1.py
[2022-09-19 23:41:57,853] {processor.py:171} INFO - Processing /home/airflow/dags/dag1.py took 0.021 seconds
[2022-09-19 23:42:10,472] {processor.py:163} INFO - Started process (PID=1562) to work on /home/airflow/dags/dag1.py
[2022-09-19 23:42:10,475] {processor.py:642} INFO - Processing file /home/airflow/dags/dag1.py for tasks to queue
[2022-09-19 23:42:10,476] {logging_mixin.py:109} INFO - [2022-09-19 23:42:10,475] {dagbag.py:500} INFO - Filling up the DagBag from /home/airflow/dags/dag1.py
[2022-09-19 23:42:10,482] {logging_mixin.py:109} INFO - [2022-09-19 23:42:10,482] {dagbag.py:334} ERROR - Failed to import: /home/airflow/dags/dag1.py
Traceback (most recent call last):
  File "/usr/local/conda/lib/python3.7/site-packages/airflow/models/dagbag.py", line 331, in _load_modules_from_file
    loader.exec_module(new_module)
  File "<frozen importlib._bootstrap_external>", line 728, in exec_module
  File "<frozen importlib._bootstrap>", line 219, in _call_with_frames_removed
  File "/home/airflow/dags/dag1.py", line 8, in <module>
    "retry_delay":datetime.timedelta(minutes=1),
AttributeError: type object 'datetime.datetime' has no attribute 'timedelta'
[2022-09-19 23:42:10,483] {processor.py:654} WARNING - No viable dags retrieved from /home/airflow/dags/dag1.py
[2022-09-19 23:42:10,497] {processor.py:171} INFO - Processing /home/airflow/dags/dag1.py took 0.031 seconds
[2022-09-19 23:42:19,678] {processor.py:163} INFO - Started process (PID=1571) to work on /home/airflow/dags/dag1.py
[2022-09-19 23:42:19,682] {processor.py:642} INFO - Processing file /home/airflow/dags/dag1.py for tasks to queue
[2022-09-19 23:42:19,684] {logging_mixin.py:109} INFO - [2022-09-19 23:42:19,683] {dagbag.py:500} INFO - Filling up the DagBag from /home/airflow/dags/dag1.py
[2022-09-19 23:42:19,706] {processor.py:652} INFO - DAG(s) dict_keys(['my_dag']) retrieved from /home/airflow/dags/dag1.py
[2022-09-19 23:42:19,892] {logging_mixin.py:109} INFO - [2022-09-19 23:42:19,891] {dag.py:2398} INFO - Sync 1 DAGs
[2022-09-19 23:42:19,901] {logging_mixin.py:109} INFO - [2022-09-19 23:42:19,901] {dag.py:2937} INFO - Setting next_dagrun for my_dag to 2022-09-19T11:09:00+00:00
[2022-09-19 23:42:19,912] {processor.py:171} INFO - Processing /home/airflow/dags/dag1.py took 0.242 seconds
[2022-09-19 23:42:38,970] {processor.py:163} INFO - Started process (PID=1603) to work on /home/airflow/dags/dag1.py
[2022-09-19 23:42:38,973] {processor.py:642} INFO - Processing file /home/airflow/dags/dag1.py for tasks to queue
[2022-09-19 23:42:38,974] {logging_mixin.py:109} INFO - [2022-09-19 23:42:38,974] {dagbag.py:500} INFO - Filling up the DagBag from /home/airflow/dags/dag1.py
[2022-09-19 23:42:39,000] {processor.py:652} INFO - DAG(s) dict_keys(['my_dag']) retrieved from /home/airflow/dags/dag1.py
[2022-09-19 23:42:39,008] {logging_mixin.py:109} INFO - [2022-09-19 23:42:39,008] {dag.py:2398} INFO - Sync 1 DAGs
[2022-09-19 23:42:39,019] {logging_mixin.py:109} INFO - [2022-09-19 23:42:39,019] {dag.py:2937} INFO - Setting next_dagrun for my_dag to 2022-09-19T11:09:00+00:00
[2022-09-19 23:42:39,026] {processor.py:171} INFO - Processing /home/airflow/dags/dag1.py took 0.063 seconds
[2022-09-19 23:43:01,542] {processor.py:163} INFO - Started process (PID=1630) to work on /home/airflow/dags/dag1.py
[2022-09-19 23:43:01,542] {processor.py:642} INFO - Processing file /home/airflow/dags/dag1.py for tasks to queue
[2022-09-19 23:43:01,543] {logging_mixin.py:109} INFO - [2022-09-19 23:43:01,543] {dagbag.py:500} INFO - Filling up the DagBag from /home/airflow/dags/dag1.py
[2022-09-19 23:43:01,554] {processor.py:652} INFO - DAG(s) dict_keys(['my_dag']) retrieved from /home/airflow/dags/dag1.py
[2022-09-19 23:43:01,564] {logging_mixin.py:109} INFO - [2022-09-19 23:43:01,564] {dag.py:2398} INFO - Sync 1 DAGs
[2022-09-19 23:43:01,575] {logging_mixin.py:109} INFO - [2022-09-19 23:43:01,575] {dag.py:2937} INFO - Setting next_dagrun for my_dag to None
[2022-09-19 23:43:01,584] {processor.py:171} INFO - Processing /home/airflow/dags/dag1.py took 0.044 seconds
[2022-09-19 23:43:19,453] {processor.py:163} INFO - Started process (PID=1646) to work on /home/airflow/dags/dag1.py
[2022-09-19 23:43:19,456] {processor.py:642} INFO - Processing file /home/airflow/dags/dag1.py for tasks to queue
[2022-09-19 23:43:19,458] {logging_mixin.py:109} INFO - [2022-09-19 23:43:19,458] {dagbag.py:500} INFO - Filling up the DagBag from /home/airflow/dags/dag1.py
[2022-09-19 23:43:19,485] {processor.py:652} INFO - DAG(s) dict_keys(['my_dag']) retrieved from /home/airflow/dags/dag1.py
[2022-09-19 23:43:19,494] {logging_mixin.py:109} INFO - [2022-09-19 23:43:19,493] {dag.py:2398} INFO - Sync 1 DAGs
[2022-09-19 23:43:19,505] {logging_mixin.py:109} INFO - [2022-09-19 23:43:19,505] {dag.py:2937} INFO - Setting next_dagrun for my_dag to None
[2022-09-19 23:43:19,515] {processor.py:171} INFO - Processing /home/airflow/dags/dag1.py took 0.070 seconds
[2022-09-19 23:43:30,839] {processor.py:163} INFO - Started process (PID=1657) to work on /home/airflow/dags/dag1.py
[2022-09-19 23:43:30,840] {processor.py:642} INFO - Processing file /home/airflow/dags/dag1.py for tasks to queue
[2022-09-19 23:43:30,841] {logging_mixin.py:109} INFO - [2022-09-19 23:43:30,841] {dagbag.py:500} INFO - Filling up the DagBag from /home/airflow/dags/dag1.py
[2022-09-19 23:43:30,856] {processor.py:652} INFO - DAG(s) dict_keys(['my_dag']) retrieved from /home/airflow/dags/dag1.py
[2022-09-19 23:43:30,861] {logging_mixin.py:109} INFO - [2022-09-19 23:43:30,861] {dag.py:2398} INFO - Sync 1 DAGs
[2022-09-19 23:43:30,874] {logging_mixin.py:109} INFO - [2022-09-19 23:43:30,874] {dag.py:2937} INFO - Setting next_dagrun for my_dag to None
[2022-09-19 23:43:30,882] {processor.py:171} INFO - Processing /home/airflow/dags/dag1.py took 0.045 seconds
[2022-09-19 23:43:44,296] {processor.py:163} INFO - Started process (PID=1670) to work on /home/airflow/dags/dag1.py
[2022-09-19 23:43:44,298] {processor.py:642} INFO - Processing file /home/airflow/dags/dag1.py for tasks to queue
[2022-09-19 23:43:44,299] {logging_mixin.py:109} INFO - [2022-09-19 23:43:44,299] {dagbag.py:500} INFO - Filling up the DagBag from /home/airflow/dags/dag1.py
[2022-09-19 23:43:44,322] {processor.py:652} INFO - DAG(s) dict_keys(['my_dag']) retrieved from /home/airflow/dags/dag1.py
[2022-09-19 23:43:44,497] {logging_mixin.py:109} INFO - [2022-09-19 23:43:44,497] {dag.py:2398} INFO - Sync 1 DAGs
[2022-09-19 23:43:44,507] {logging_mixin.py:109} INFO - [2022-09-19 23:43:44,507] {dag.py:2937} INFO - Setting next_dagrun for my_dag to None
[2022-09-19 23:43:44,516] {processor.py:171} INFO - Processing /home/airflow/dags/dag1.py took 0.226 seconds
[2022-09-19 23:44:00,857] {processor.py:163} INFO - Started process (PID=1695) to work on /home/airflow/dags/dag1.py
[2022-09-19 23:44:00,858] {processor.py:642} INFO - Processing file /home/airflow/dags/dag1.py for tasks to queue
[2022-09-19 23:44:00,859] {logging_mixin.py:109} INFO - [2022-09-19 23:44:00,859] {dagbag.py:500} INFO - Filling up the DagBag from /home/airflow/dags/dag1.py
[2022-09-19 23:44:00,878] {processor.py:652} INFO - DAG(s) dict_keys(['my_dag']) retrieved from /home/airflow/dags/dag1.py
[2022-09-19 23:44:00,883] {logging_mixin.py:109} INFO - [2022-09-19 23:44:00,883] {dag.py:2398} INFO - Sync 1 DAGs
[2022-09-19 23:44:00,895] {logging_mixin.py:109} INFO - [2022-09-19 23:44:00,895] {dag.py:2937} INFO - Setting next_dagrun for my_dag to None
[2022-09-19 23:44:00,904] {processor.py:171} INFO - Processing /home/airflow/dags/dag1.py took 0.050 seconds
[2022-09-19 23:44:22,785] {processor.py:163} INFO - Started process (PID=1731) to work on /home/airflow/dags/dag1.py
[2022-09-19 23:44:22,788] {processor.py:642} INFO - Processing file /home/airflow/dags/dag1.py for tasks to queue
[2022-09-19 23:44:22,790] {logging_mixin.py:109} INFO - [2022-09-19 23:44:22,790] {dagbag.py:500} INFO - Filling up the DagBag from /home/airflow/dags/dag1.py
[2022-09-19 23:44:22,819] {processor.py:652} INFO - DAG(s) dict_keys(['my_dag']) retrieved from /home/airflow/dags/dag1.py
[2022-09-19 23:44:22,829] {logging_mixin.py:109} INFO - [2022-09-19 23:44:22,829] {dag.py:2398} INFO - Sync 1 DAGs
[2022-09-19 23:44:22,839] {logging_mixin.py:109} INFO - [2022-09-19 23:44:22,839] {dag.py:2937} INFO - Setting next_dagrun for my_dag to None
[2022-09-19 23:44:22,848] {processor.py:171} INFO - Processing /home/airflow/dags/dag1.py took 0.071 seconds
[2022-09-19 23:44:45,431] {processor.py:163} INFO - Started process (PID=1765) to work on /home/airflow/dags/dag1.py
[2022-09-19 23:44:45,432] {processor.py:642} INFO - Processing file /home/airflow/dags/dag1.py for tasks to queue
[2022-09-19 23:44:45,433] {logging_mixin.py:109} INFO - [2022-09-19 23:44:45,433] {dagbag.py:500} INFO - Filling up the DagBag from /home/airflow/dags/dag1.py
[2022-09-19 23:44:45,449] {processor.py:652} INFO - DAG(s) dict_keys(['my_dag']) retrieved from /home/airflow/dags/dag1.py
[2022-09-19 23:44:45,456] {logging_mixin.py:109} INFO - [2022-09-19 23:44:45,456] {dag.py:2398} INFO - Sync 1 DAGs
[2022-09-19 23:44:45,468] {logging_mixin.py:109} INFO - [2022-09-19 23:44:45,468] {dag.py:2937} INFO - Setting next_dagrun for my_dag to None
[2022-09-19 23:44:45,475] {processor.py:171} INFO - Processing /home/airflow/dags/dag1.py took 0.045 seconds
[2022-09-19 23:45:02,362] {processor.py:163} INFO - Started process (PID=1784) to work on /home/airflow/dags/dag1.py
[2022-09-19 23:45:02,365] {processor.py:642} INFO - Processing file /home/airflow/dags/dag1.py for tasks to queue
[2022-09-19 23:45:02,367] {logging_mixin.py:109} INFO - [2022-09-19 23:45:02,367] {dagbag.py:500} INFO - Filling up the DagBag from /home/airflow/dags/dag1.py
[2022-09-19 23:45:02,398] {processor.py:652} INFO - DAG(s) dict_keys(['my_dag']) retrieved from /home/airflow/dags/dag1.py
[2022-09-19 23:45:02,584] {logging_mixin.py:109} INFO - [2022-09-19 23:45:02,584] {dag.py:2398} INFO - Sync 1 DAGs
[2022-09-19 23:45:02,594] {logging_mixin.py:109} INFO - [2022-09-19 23:45:02,594] {dag.py:2937} INFO - Setting next_dagrun for my_dag to None
[2022-09-19 23:45:02,602] {processor.py:171} INFO - Processing /home/airflow/dags/dag1.py took 0.248 seconds
[2022-09-19 23:45:19,287] {processor.py:163} INFO - Started process (PID=1800) to work on /home/airflow/dags/dag1.py
[2022-09-19 23:45:19,289] {processor.py:642} INFO - Processing file /home/airflow/dags/dag1.py for tasks to queue
[2022-09-19 23:45:19,290] {logging_mixin.py:109} INFO - [2022-09-19 23:45:19,290] {dagbag.py:500} INFO - Filling up the DagBag from /home/airflow/dags/dag1.py
[2022-09-19 23:45:19,306] {processor.py:652} INFO - DAG(s) dict_keys(['my_dag']) retrieved from /home/airflow/dags/dag1.py
[2022-09-19 23:45:19,311] {logging_mixin.py:109} INFO - [2022-09-19 23:45:19,311] {dag.py:2398} INFO - Sync 1 DAGs
[2022-09-19 23:45:19,323] {logging_mixin.py:109} INFO - [2022-09-19 23:45:19,323] {dag.py:2937} INFO - Setting next_dagrun for my_dag to None
[2022-09-19 23:45:19,332] {processor.py:171} INFO - Processing /home/airflow/dags/dag1.py took 0.048 seconds
[2022-09-19 23:45:29,929] {processor.py:163} INFO - Started process (PID=1810) to work on /home/airflow/dags/dag1.py
[2022-09-19 23:45:29,933] {processor.py:642} INFO - Processing file /home/airflow/dags/dag1.py for tasks to queue
[2022-09-19 23:45:29,935] {logging_mixin.py:109} INFO - [2022-09-19 23:45:29,935] {dagbag.py:500} INFO - Filling up the DagBag from /home/airflow/dags/dag1.py
[2022-09-19 23:45:29,962] {processor.py:652} INFO - DAG(s) dict_keys(['my_dag']) retrieved from /home/airflow/dags/dag1.py
[2022-09-19 23:45:29,968] {logging_mixin.py:109} INFO - [2022-09-19 23:45:29,968] {dag.py:2398} INFO - Sync 1 DAGs
[2022-09-19 23:45:29,979] {logging_mixin.py:109} INFO - [2022-09-19 23:45:29,979] {dag.py:2937} INFO - Setting next_dagrun for my_dag to None
[2022-09-19 23:45:29,987] {processor.py:171} INFO - Processing /home/airflow/dags/dag1.py took 0.066 seconds
[2022-09-19 23:45:46,635] {processor.py:163} INFO - Started process (PID=1835) to work on /home/airflow/dags/dag1.py
[2022-09-19 23:45:46,636] {processor.py:642} INFO - Processing file /home/airflow/dags/dag1.py for tasks to queue
[2022-09-19 23:45:46,637] {logging_mixin.py:109} INFO - [2022-09-19 23:45:46,636] {dagbag.py:500} INFO - Filling up the DagBag from /home/airflow/dags/dag1.py
[2022-09-19 23:45:46,649] {processor.py:652} INFO - DAG(s) dict_keys(['my_dag']) retrieved from /home/airflow/dags/dag1.py
[2022-09-19 23:45:46,658] {logging_mixin.py:109} INFO - [2022-09-19 23:45:46,658] {dag.py:2398} INFO - Sync 1 DAGs
[2022-09-19 23:45:46,669] {logging_mixin.py:109} INFO - [2022-09-19 23:45:46,669] {dag.py:2937} INFO - Setting next_dagrun for my_dag to None
[2022-09-19 23:45:46,676] {processor.py:171} INFO - Processing /home/airflow/dags/dag1.py took 0.044 seconds
[2022-09-19 23:46:17,389] {processor.py:163} INFO - Started process (PID=1893) to work on /home/airflow/dags/dag1.py
[2022-09-19 23:46:17,392] {processor.py:642} INFO - Processing file /home/airflow/dags/dag1.py for tasks to queue
[2022-09-19 23:46:17,393] {logging_mixin.py:109} INFO - [2022-09-19 23:46:17,393] {dagbag.py:500} INFO - Filling up the DagBag from /home/airflow/dags/dag1.py
[2022-09-19 23:46:17,411] {processor.py:652} INFO - DAG(s) dict_keys(['my_dag']) retrieved from /home/airflow/dags/dag1.py
[2022-09-19 23:46:17,422] {logging_mixin.py:109} INFO - [2022-09-19 23:46:17,422] {dag.py:2398} INFO - Sync 1 DAGs
[2022-09-19 23:46:17,433] {logging_mixin.py:109} INFO - [2022-09-19 23:46:17,433] {dag.py:2937} INFO - Setting next_dagrun for my_dag to None
[2022-09-19 23:46:17,440] {processor.py:171} INFO - Processing /home/airflow/dags/dag1.py took 0.059 seconds
[2022-09-19 23:46:40,303] {processor.py:163} INFO - Started process (PID=1915) to work on /home/airflow/dags/dag1.py
[2022-09-19 23:46:40,307] {processor.py:642} INFO - Processing file /home/airflow/dags/dag1.py for tasks to queue
[2022-09-19 23:46:40,308] {logging_mixin.py:109} INFO - [2022-09-19 23:46:40,308] {dagbag.py:500} INFO - Filling up the DagBag from /home/airflow/dags/dag1.py
[2022-09-19 23:46:40,327] {processor.py:652} INFO - DAG(s) dict_keys(['my_dag']) retrieved from /home/airflow/dags/dag1.py
[2022-09-19 23:46:40,338] {logging_mixin.py:109} INFO - [2022-09-19 23:46:40,338] {dag.py:2398} INFO - Sync 1 DAGs
[2022-09-19 23:46:40,349] {logging_mixin.py:109} INFO - [2022-09-19 23:46:40,349] {dag.py:2937} INFO - Setting next_dagrun for my_dag to None
[2022-09-19 23:46:40,356] {processor.py:171} INFO - Processing /home/airflow/dags/dag1.py took 0.061 seconds
[2022-09-19 23:46:53,206] {processor.py:163} INFO - Started process (PID=1929) to work on /home/airflow/dags/dag1.py
[2022-09-19 23:46:53,207] {processor.py:642} INFO - Processing file /home/airflow/dags/dag1.py for tasks to queue
[2022-09-19 23:46:53,208] {logging_mixin.py:109} INFO - [2022-09-19 23:46:53,208] {dagbag.py:500} INFO - Filling up the DagBag from /home/airflow/dags/dag1.py
[2022-09-19 23:46:53,220] {processor.py:652} INFO - DAG(s) dict_keys(['my_dag']) retrieved from /home/airflow/dags/dag1.py
[2022-09-19 23:46:53,230] {logging_mixin.py:109} INFO - [2022-09-19 23:46:53,230] {dag.py:2398} INFO - Sync 1 DAGs
[2022-09-19 23:46:53,241] {logging_mixin.py:109} INFO - [2022-09-19 23:46:53,241] {dag.py:2937} INFO - Setting next_dagrun for my_dag to None
[2022-09-19 23:46:53,248] {processor.py:171} INFO - Processing /home/airflow/dags/dag1.py took 0.045 seconds
[2022-09-19 23:47:02,895] {processor.py:163} INFO - Started process (PID=1939) to work on /home/airflow/dags/dag1.py
[2022-09-19 23:47:02,898] {processor.py:642} INFO - Processing file /home/airflow/dags/dag1.py for tasks to queue
[2022-09-19 23:47:02,900] {logging_mixin.py:109} INFO - [2022-09-19 23:47:02,899] {dagbag.py:500} INFO - Filling up the DagBag from /home/airflow/dags/dag1.py
[2022-09-19 23:47:02,920] {processor.py:652} INFO - DAG(s) dict_keys(['my_dag']) retrieved from /home/airflow/dags/dag1.py
[2022-09-19 23:47:02,930] {logging_mixin.py:109} INFO - [2022-09-19 23:47:02,930] {dag.py:2398} INFO - Sync 1 DAGs
[2022-09-19 23:47:02,941] {logging_mixin.py:109} INFO - [2022-09-19 23:47:02,941] {dag.py:2937} INFO - Setting next_dagrun for my_dag to None
[2022-09-19 23:47:02,949] {processor.py:171} INFO - Processing /home/airflow/dags/dag1.py took 0.063 seconds
[2022-09-19 23:47:16,886] {processor.py:163} INFO - Started process (PID=1952) to work on /home/airflow/dags/dag1.py
[2022-09-19 23:47:16,888] {processor.py:642} INFO - Processing file /home/airflow/dags/dag1.py for tasks to queue
[2022-09-19 23:47:16,888] {logging_mixin.py:109} INFO - [2022-09-19 23:47:16,888] {dagbag.py:500} INFO - Filling up the DagBag from /home/airflow/dags/dag1.py
[2022-09-19 23:47:16,906] {processor.py:652} INFO - DAG(s) dict_keys(['my_dag']) retrieved from /home/airflow/dags/dag1.py
[2022-09-19 23:47:16,916] {logging_mixin.py:109} INFO - [2022-09-19 23:47:16,916] {dag.py:2398} INFO - Sync 1 DAGs
[2022-09-19 23:47:16,928] {logging_mixin.py:109} INFO - [2022-09-19 23:47:16,928] {dag.py:2937} INFO - Setting next_dagrun for my_dag to None
[2022-09-19 23:47:16,935] {processor.py:171} INFO - Processing /home/airflow/dags/dag1.py took 0.052 seconds
[2022-09-19 23:47:30,695] {processor.py:163} INFO - Started process (PID=1965) to work on /home/airflow/dags/dag1.py
[2022-09-19 23:47:30,698] {processor.py:642} INFO - Processing file /home/airflow/dags/dag1.py for tasks to queue
[2022-09-19 23:47:30,700] {logging_mixin.py:109} INFO - [2022-09-19 23:47:30,700] {dagbag.py:500} INFO - Filling up the DagBag from /home/airflow/dags/dag1.py
[2022-09-19 23:47:30,719] {processor.py:652} INFO - DAG(s) dict_keys(['my_dag']) retrieved from /home/airflow/dags/dag1.py
[2022-09-19 23:47:30,730] {logging_mixin.py:109} INFO - [2022-09-19 23:47:30,730] {dag.py:2398} INFO - Sync 1 DAGs
[2022-09-19 23:47:30,740] {logging_mixin.py:109} INFO - [2022-09-19 23:47:30,740] {dag.py:2937} INFO - Setting next_dagrun for my_dag to None
[2022-09-19 23:47:30,754] {processor.py:171} INFO - Processing /home/airflow/dags/dag1.py took 0.067 seconds
[2022-09-19 23:47:45,551] {processor.py:163} INFO - Started process (PID=1981) to work on /home/airflow/dags/dag1.py
[2022-09-19 23:47:45,555] {processor.py:642} INFO - Processing file /home/airflow/dags/dag1.py for tasks to queue
[2022-09-19 23:47:45,557] {logging_mixin.py:109} INFO - [2022-09-19 23:47:45,557] {dagbag.py:500} INFO - Filling up the DagBag from /home/airflow/dags/dag1.py
[2022-09-19 23:47:45,579] {processor.py:652} INFO - DAG(s) dict_keys(['my_dag']) retrieved from /home/airflow/dags/dag1.py
[2022-09-19 23:47:45,589] {logging_mixin.py:109} INFO - [2022-09-19 23:47:45,589] {dag.py:2398} INFO - Sync 1 DAGs
[2022-09-19 23:47:45,600] {logging_mixin.py:109} INFO - [2022-09-19 23:47:45,600] {dag.py:2937} INFO - Setting next_dagrun for my_dag to None
[2022-09-19 23:47:45,608] {processor.py:171} INFO - Processing /home/airflow/dags/dag1.py took 0.065 seconds
[2022-09-19 23:47:58,704] {processor.py:163} INFO - Started process (PID=1993) to work on /home/airflow/dags/dag1.py
[2022-09-19 23:47:58,707] {processor.py:642} INFO - Processing file /home/airflow/dags/dag1.py for tasks to queue
[2022-09-19 23:47:58,709] {logging_mixin.py:109} INFO - [2022-09-19 23:47:58,708] {dagbag.py:500} INFO - Filling up the DagBag from /home/airflow/dags/dag1.py
[2022-09-19 23:47:58,731] {processor.py:652} INFO - DAG(s) dict_keys(['my_dag']) retrieved from /home/airflow/dags/dag1.py
[2022-09-19 23:47:58,741] {logging_mixin.py:109} INFO - [2022-09-19 23:47:58,741] {dag.py:2398} INFO - Sync 1 DAGs
[2022-09-19 23:47:58,752] {logging_mixin.py:109} INFO - [2022-09-19 23:47:58,752] {dag.py:2937} INFO - Setting next_dagrun for my_dag to None
[2022-09-19 23:47:58,765] {processor.py:171} INFO - Processing /home/airflow/dags/dag1.py took 0.070 seconds
[2022-09-19 23:48:11,362] {processor.py:163} INFO - Started process (PID=2006) to work on /home/airflow/dags/dag1.py
[2022-09-19 23:48:11,365] {processor.py:642} INFO - Processing file /home/airflow/dags/dag1.py for tasks to queue
[2022-09-19 23:48:11,367] {logging_mixin.py:109} INFO - [2022-09-19 23:48:11,367] {dagbag.py:500} INFO - Filling up the DagBag from /home/airflow/dags/dag1.py
[2022-09-19 23:48:11,387] {processor.py:652} INFO - DAG(s) dict_keys(['my_dag']) retrieved from /home/airflow/dags/dag1.py
[2022-09-19 23:48:11,397] {logging_mixin.py:109} INFO - [2022-09-19 23:48:11,397] {dag.py:2398} INFO - Sync 1 DAGs
[2022-09-19 23:48:11,408] {logging_mixin.py:109} INFO - [2022-09-19 23:48:11,408] {dag.py:2937} INFO - Setting next_dagrun for my_dag to None
[2022-09-19 23:48:11,415] {processor.py:171} INFO - Processing /home/airflow/dags/dag1.py took 0.061 seconds
[2022-09-19 23:48:23,373] {processor.py:163} INFO - Started process (PID=2018) to work on /home/airflow/dags/dag1.py
[2022-09-19 23:48:23,377] {processor.py:642} INFO - Processing file /home/airflow/dags/dag1.py for tasks to queue
[2022-09-19 23:48:23,378] {logging_mixin.py:109} INFO - [2022-09-19 23:48:23,378] {dagbag.py:500} INFO - Filling up the DagBag from /home/airflow/dags/dag1.py
[2022-09-19 23:48:23,398] {processor.py:652} INFO - DAG(s) dict_keys(['my_dag']) retrieved from /home/airflow/dags/dag1.py
[2022-09-19 23:48:23,408] {logging_mixin.py:109} INFO - [2022-09-19 23:48:23,408] {dag.py:2398} INFO - Sync 1 DAGs
[2022-09-19 23:48:23,420] {logging_mixin.py:109} INFO - [2022-09-19 23:48:23,419] {dag.py:2937} INFO - Setting next_dagrun for my_dag to None
[2022-09-19 23:48:23,429] {processor.py:171} INFO - Processing /home/airflow/dags/dag1.py took 0.063 seconds
[2022-09-19 23:48:35,112] {processor.py:163} INFO - Started process (PID=2029) to work on /home/airflow/dags/dag1.py
[2022-09-19 23:48:35,114] {processor.py:642} INFO - Processing file /home/airflow/dags/dag1.py for tasks to queue
[2022-09-19 23:48:35,115] {logging_mixin.py:109} INFO - [2022-09-19 23:48:35,115] {dagbag.py:500} INFO - Filling up the DagBag from /home/airflow/dags/dag1.py
[2022-09-19 23:48:35,134] {processor.py:652} INFO - DAG(s) dict_keys(['my_dag']) retrieved from /home/airflow/dags/dag1.py
[2022-09-19 23:48:35,144] {logging_mixin.py:109} INFO - [2022-09-19 23:48:35,144] {dag.py:2398} INFO - Sync 1 DAGs
[2022-09-19 23:48:35,155] {logging_mixin.py:109} INFO - [2022-09-19 23:48:35,155] {dag.py:2937} INFO - Setting next_dagrun for my_dag to None
[2022-09-19 23:48:35,163] {processor.py:171} INFO - Processing /home/airflow/dags/dag1.py took 0.059 seconds
[2022-09-19 23:48:46,988] {processor.py:163} INFO - Started process (PID=2043) to work on /home/airflow/dags/dag1.py
[2022-09-19 23:48:46,990] {processor.py:642} INFO - Processing file /home/airflow/dags/dag1.py for tasks to queue
[2022-09-19 23:48:46,990] {logging_mixin.py:109} INFO - [2022-09-19 23:48:46,990] {dagbag.py:500} INFO - Filling up the DagBag from /home/airflow/dags/dag1.py
[2022-09-19 23:48:47,007] {processor.py:652} INFO - DAG(s) dict_keys(['my_dag']) retrieved from /home/airflow/dags/dag1.py
[2022-09-19 23:48:47,017] {logging_mixin.py:109} INFO - [2022-09-19 23:48:47,017] {dag.py:2398} INFO - Sync 1 DAGs
[2022-09-19 23:48:47,028] {logging_mixin.py:109} INFO - [2022-09-19 23:48:47,028] {dag.py:2937} INFO - Setting next_dagrun for my_dag to None
[2022-09-19 23:48:47,035] {processor.py:171} INFO - Processing /home/airflow/dags/dag1.py took 0.053 seconds
[2022-09-19 23:48:59,684] {processor.py:163} INFO - Started process (PID=2055) to work on /home/airflow/dags/dag1.py
[2022-09-19 23:48:59,688] {processor.py:642} INFO - Processing file /home/airflow/dags/dag1.py for tasks to queue
[2022-09-19 23:48:59,689] {logging_mixin.py:109} INFO - [2022-09-19 23:48:59,689] {dagbag.py:500} INFO - Filling up the DagBag from /home/airflow/dags/dag1.py
[2022-09-19 23:48:59,709] {processor.py:652} INFO - DAG(s) dict_keys(['my_dag']) retrieved from /home/airflow/dags/dag1.py
[2022-09-19 23:48:59,719] {logging_mixin.py:109} INFO - [2022-09-19 23:48:59,719] {dag.py:2398} INFO - Sync 1 DAGs
[2022-09-19 23:48:59,730] {logging_mixin.py:109} INFO - [2022-09-19 23:48:59,730] {dag.py:2937} INFO - Setting next_dagrun for my_dag to None
[2022-09-19 23:48:59,744] {processor.py:171} INFO - Processing /home/airflow/dags/dag1.py took 0.069 seconds
[2022-09-19 23:49:12,559] {processor.py:163} INFO - Started process (PID=2067) to work on /home/airflow/dags/dag1.py
[2022-09-19 23:49:12,561] {processor.py:642} INFO - Processing file /home/airflow/dags/dag1.py for tasks to queue
[2022-09-19 23:49:12,562] {logging_mixin.py:109} INFO - [2022-09-19 23:49:12,562] {dagbag.py:500} INFO - Filling up the DagBag from /home/airflow/dags/dag1.py
[2022-09-19 23:49:12,582] {processor.py:652} INFO - DAG(s) dict_keys(['my_dag']) retrieved from /home/airflow/dags/dag1.py
[2022-09-19 23:49:12,599] {logging_mixin.py:109} INFO - [2022-09-19 23:49:12,599] {dag.py:2398} INFO - Sync 1 DAGs
[2022-09-19 23:49:12,619] {logging_mixin.py:109} INFO - [2022-09-19 23:49:12,618] {dag.py:2937} INFO - Setting next_dagrun for my_dag to None
[2022-09-19 23:49:12,630] {processor.py:171} INFO - Processing /home/airflow/dags/dag1.py took 0.073 seconds
[2022-09-19 23:49:24,925] {processor.py:163} INFO - Started process (PID=2079) to work on /home/airflow/dags/dag1.py
[2022-09-19 23:49:24,928] {processor.py:642} INFO - Processing file /home/airflow/dags/dag1.py for tasks to queue
[2022-09-19 23:49:24,929] {logging_mixin.py:109} INFO - [2022-09-19 23:49:24,929] {dagbag.py:500} INFO - Filling up the DagBag from /home/airflow/dags/dag1.py
[2022-09-19 23:49:24,946] {processor.py:652} INFO - DAG(s) dict_keys(['my_dag']) retrieved from /home/airflow/dags/dag1.py
[2022-09-19 23:49:24,956] {logging_mixin.py:109} INFO - [2022-09-19 23:49:24,956] {dag.py:2398} INFO - Sync 1 DAGs
[2022-09-19 23:49:24,967] {logging_mixin.py:109} INFO - [2022-09-19 23:49:24,967] {dag.py:2937} INFO - Setting next_dagrun for my_dag to None
[2022-09-19 23:49:24,975] {processor.py:171} INFO - Processing /home/airflow/dags/dag1.py took 0.056 seconds
[2022-09-19 23:49:37,587] {processor.py:163} INFO - Started process (PID=2092) to work on /home/airflow/dags/dag1.py
[2022-09-19 23:49:37,589] {processor.py:642} INFO - Processing file /home/airflow/dags/dag1.py for tasks to queue
[2022-09-19 23:49:37,589] {logging_mixin.py:109} INFO - [2022-09-19 23:49:37,589] {dagbag.py:500} INFO - Filling up the DagBag from /home/airflow/dags/dag1.py
[2022-09-19 23:49:37,607] {processor.py:652} INFO - DAG(s) dict_keys(['my_dag']) retrieved from /home/airflow/dags/dag1.py
[2022-09-19 23:49:37,621] {logging_mixin.py:109} INFO - [2022-09-19 23:49:37,621] {dag.py:2398} INFO - Sync 1 DAGs
[2022-09-19 23:49:37,635] {logging_mixin.py:109} INFO - [2022-09-19 23:49:37,635] {dag.py:2937} INFO - Setting next_dagrun for my_dag to None
[2022-09-19 23:49:37,643] {processor.py:171} INFO - Processing /home/airflow/dags/dag1.py took 0.059 seconds
[2022-09-19 23:49:51,033] {processor.py:163} INFO - Started process (PID=2106) to work on /home/airflow/dags/dag1.py
[2022-09-19 23:49:51,035] {processor.py:642} INFO - Processing file /home/airflow/dags/dag1.py for tasks to queue
[2022-09-19 23:49:51,036] {logging_mixin.py:109} INFO - [2022-09-19 23:49:51,036] {dagbag.py:500} INFO - Filling up the DagBag from /home/airflow/dags/dag1.py
[2022-09-19 23:49:51,060] {processor.py:652} INFO - DAG(s) dict_keys(['my_dag']) retrieved from /home/airflow/dags/dag1.py
[2022-09-19 23:49:51,071] {logging_mixin.py:109} INFO - [2022-09-19 23:49:51,071] {dag.py:2398} INFO - Sync 1 DAGs
[2022-09-19 23:49:51,082] {logging_mixin.py:109} INFO - [2022-09-19 23:49:51,082] {dag.py:2937} INFO - Setting next_dagrun for my_dag to None
[2022-09-19 23:49:51,106] {processor.py:171} INFO - Processing /home/airflow/dags/dag1.py took 0.077 seconds
