[2022-09-19 23:40:35,729] {processor.py:163} INFO - Started process (PID=197) to work on /home/airflow/dags/dag2.py
[2022-09-19 23:40:35,730] {processor.py:642} INFO - Processing file /home/airflow/dags/dag2.py for tasks to queue
[2022-09-19 23:40:35,731] {logging_mixin.py:109} INFO - [2022-09-19 23:40:35,731] {dagbag.py:500} INFO - Filling up the DagBag from /home/airflow/dags/dag2.py
[2022-09-19 23:40:35,754] {processor.py:652} INFO - DAG(s) dict_keys(['dag2']) retrieved from /home/airflow/dags/dag2.py
[2022-09-19 23:40:35,760] {logging_mixin.py:109} INFO - [2022-09-19 23:40:35,760] {dag.py:2398} INFO - Sync 1 DAGs
[2022-09-19 23:40:35,782] {logging_mixin.py:109} INFO - [2022-09-19 23:40:35,781] {dag.py:2937} INFO - Setting next_dagrun for dag2 to 2022-09-19T11:09:00+00:00
[2022-09-19 23:40:35,793] {processor.py:171} INFO - Processing /home/airflow/dags/dag2.py took 0.066 seconds
[2022-09-19 23:41:13,653] {processor.py:163} INFO - Started process (PID=1503) to work on /home/airflow/dags/dag2.py
[2022-09-19 23:41:13,654] {processor.py:642} INFO - Processing file /home/airflow/dags/dag2.py for tasks to queue
[2022-09-19 23:41:13,655] {logging_mixin.py:109} INFO - [2022-09-19 23:41:13,655] {dagbag.py:500} INFO - Filling up the DagBag from /home/airflow/dags/dag2.py
[2022-09-19 23:41:13,670] {processor.py:652} INFO - DAG(s) dict_keys(['dag2']) retrieved from /home/airflow/dags/dag2.py
[2022-09-19 23:41:13,683] {logging_mixin.py:109} INFO - [2022-09-19 23:41:13,683] {dag.py:2398} INFO - Sync 1 DAGs
[2022-09-19 23:41:13,694] {logging_mixin.py:109} INFO - [2022-09-19 23:41:13,694] {dag.py:2937} INFO - Setting next_dagrun for dag2 to 2022-09-19T11:09:00+00:00
[2022-09-19 23:41:13,701] {processor.py:171} INFO - Processing /home/airflow/dags/dag2.py took 0.050 seconds
[2022-09-19 23:41:19,939] {processor.py:163} INFO - Started process (PID=1509) to work on /home/airflow/dags/dag2.py
[2022-09-19 23:41:19,940] {processor.py:642} INFO - Processing file /home/airflow/dags/dag2.py for tasks to queue
[2022-09-19 23:41:19,941] {logging_mixin.py:109} INFO - [2022-09-19 23:41:19,941] {dagbag.py:500} INFO - Filling up the DagBag from /home/airflow/dags/dag2.py
[2022-09-19 23:41:19,964] {processor.py:652} INFO - DAG(s) dict_keys(['dag2']) retrieved from /home/airflow/dags/dag2.py
[2022-09-19 23:41:19,976] {logging_mixin.py:109} INFO - [2022-09-19 23:41:19,976] {dag.py:2398} INFO - Sync 1 DAGs
[2022-09-19 23:41:19,986] {logging_mixin.py:109} INFO - [2022-09-19 23:41:19,986] {dag.py:2937} INFO - Setting next_dagrun for dag2 to 2022-09-19T11:09:00+00:00
[2022-09-19 23:41:19,994] {processor.py:171} INFO - Processing /home/airflow/dags/dag2.py took 0.059 seconds
[2022-09-19 23:41:29,389] {processor.py:163} INFO - Started process (PID=1519) to work on /home/airflow/dags/dag2.py
[2022-09-19 23:41:29,393] {processor.py:642} INFO - Processing file /home/airflow/dags/dag2.py for tasks to queue
[2022-09-19 23:41:29,395] {logging_mixin.py:109} INFO - [2022-09-19 23:41:29,394] {dagbag.py:500} INFO - Filling up the DagBag from /home/airflow/dags/dag2.py
[2022-09-19 23:41:29,425] {processor.py:652} INFO - DAG(s) dict_keys(['dag2']) retrieved from /home/airflow/dags/dag2.py
[2022-09-19 23:41:29,437] {logging_mixin.py:109} INFO - [2022-09-19 23:41:29,437] {dag.py:2398} INFO - Sync 1 DAGs
[2022-09-19 23:41:29,448] {logging_mixin.py:109} INFO - [2022-09-19 23:41:29,448] {dag.py:2937} INFO - Setting next_dagrun for dag2 to 2022-09-19T11:09:00+00:00
[2022-09-19 23:41:29,456] {processor.py:171} INFO - Processing /home/airflow/dags/dag2.py took 0.074 seconds
[2022-09-19 23:41:40,677] {processor.py:163} INFO - Started process (PID=1530) to work on /home/airflow/dags/dag2.py
[2022-09-19 23:41:40,680] {processor.py:642} INFO - Processing file /home/airflow/dags/dag2.py for tasks to queue
[2022-09-19 23:41:40,682] {logging_mixin.py:109} INFO - [2022-09-19 23:41:40,681] {dagbag.py:500} INFO - Filling up the DagBag from /home/airflow/dags/dag2.py
[2022-09-19 23:41:40,707] {processor.py:652} INFO - DAG(s) dict_keys(['dag2']) retrieved from /home/airflow/dags/dag2.py
[2022-09-19 23:41:40,719] {logging_mixin.py:109} INFO - [2022-09-19 23:41:40,719] {dag.py:2398} INFO - Sync 1 DAGs
[2022-09-19 23:41:40,729] {logging_mixin.py:109} INFO - [2022-09-19 23:41:40,729] {dag.py:2937} INFO - Setting next_dagrun for dag2 to 2022-09-19T11:09:00+00:00
[2022-09-19 23:41:40,738] {processor.py:171} INFO - Processing /home/airflow/dags/dag2.py took 0.069 seconds
[2022-09-19 23:41:56,317] {processor.py:163} INFO - Started process (PID=1547) to work on /home/airflow/dags/dag2.py
[2022-09-19 23:41:56,319] {processor.py:642} INFO - Processing file /home/airflow/dags/dag2.py for tasks to queue
[2022-09-19 23:41:56,319] {logging_mixin.py:109} INFO - [2022-09-19 23:41:56,319] {dagbag.py:500} INFO - Filling up the DagBag from /home/airflow/dags/dag2.py
[2022-09-19 23:41:56,334] {processor.py:652} INFO - DAG(s) dict_keys(['dag2']) retrieved from /home/airflow/dags/dag2.py
[2022-09-19 23:41:56,347] {logging_mixin.py:109} INFO - [2022-09-19 23:41:56,347] {dag.py:2398} INFO - Sync 1 DAGs
[2022-09-19 23:41:56,360] {logging_mixin.py:109} INFO - [2022-09-19 23:41:56,360] {dag.py:2937} INFO - Setting next_dagrun for dag2 to 2022-09-19T11:09:00+00:00
[2022-09-19 23:41:56,367] {processor.py:171} INFO - Processing /home/airflow/dags/dag2.py took 0.052 seconds
[2022-09-19 23:42:08,173] {processor.py:163} INFO - Started process (PID=1560) to work on /home/airflow/dags/dag2.py
[2022-09-19 23:42:08,175] {processor.py:642} INFO - Processing file /home/airflow/dags/dag2.py for tasks to queue
[2022-09-19 23:42:08,176] {logging_mixin.py:109} INFO - [2022-09-19 23:42:08,176] {dagbag.py:500} INFO - Filling up the DagBag from /home/airflow/dags/dag2.py
[2022-09-19 23:42:08,207] {processor.py:652} INFO - DAG(s) dict_keys(['dag2']) retrieved from /home/airflow/dags/dag2.py
[2022-09-19 23:42:08,217] {logging_mixin.py:109} INFO - [2022-09-19 23:42:08,217] {dag.py:2398} INFO - Sync 1 DAGs
[2022-09-19 23:42:08,229] {logging_mixin.py:109} INFO - [2022-09-19 23:42:08,228] {dag.py:2937} INFO - Setting next_dagrun for dag2 to 2022-09-19T11:09:00+00:00
[2022-09-19 23:42:08,237] {processor.py:171} INFO - Processing /home/airflow/dags/dag2.py took 0.069 seconds
[2022-09-19 23:42:20,778] {processor.py:163} INFO - Started process (PID=1572) to work on /home/airflow/dags/dag2.py
[2022-09-19 23:42:20,779] {processor.py:642} INFO - Processing file /home/airflow/dags/dag2.py for tasks to queue
[2022-09-19 23:42:20,780] {logging_mixin.py:109} INFO - [2022-09-19 23:42:20,780] {dagbag.py:500} INFO - Filling up the DagBag from /home/airflow/dags/dag2.py
[2022-09-19 23:42:20,796] {processor.py:652} INFO - DAG(s) dict_keys(['dag2']) retrieved from /home/airflow/dags/dag2.py
[2022-09-19 23:42:20,807] {logging_mixin.py:109} INFO - [2022-09-19 23:42:20,807] {dag.py:2398} INFO - Sync 1 DAGs
[2022-09-19 23:42:20,818] {logging_mixin.py:109} INFO - [2022-09-19 23:42:20,818] {dag.py:2937} INFO - Setting next_dagrun for dag2 to 2022-09-19T11:09:00+00:00
[2022-09-19 23:42:20,831] {processor.py:171} INFO - Processing /home/airflow/dags/dag2.py took 0.054 seconds
[2022-09-19 23:42:39,718] {processor.py:163} INFO - Started process (PID=1604) to work on /home/airflow/dags/dag2.py
[2022-09-19 23:42:39,722] {processor.py:642} INFO - Processing file /home/airflow/dags/dag2.py for tasks to queue
[2022-09-19 23:42:39,724] {logging_mixin.py:109} INFO - [2022-09-19 23:42:39,723] {dagbag.py:500} INFO - Filling up the DagBag from /home/airflow/dags/dag2.py
[2022-09-19 23:42:39,749] {processor.py:652} INFO - DAG(s) dict_keys(['dag2']) retrieved from /home/airflow/dags/dag2.py
[2022-09-19 23:42:39,759] {logging_mixin.py:109} INFO - [2022-09-19 23:42:39,758] {dag.py:2398} INFO - Sync 1 DAGs
[2022-09-19 23:42:39,769] {logging_mixin.py:109} INFO - [2022-09-19 23:42:39,769] {dag.py:2937} INFO - Setting next_dagrun for dag2 to None
[2022-09-19 23:42:39,777] {processor.py:171} INFO - Processing /home/airflow/dags/dag2.py took 0.066 seconds
[2022-09-19 23:43:02,727] {processor.py:163} INFO - Started process (PID=1631) to work on /home/airflow/dags/dag2.py
[2022-09-19 23:43:02,729] {processor.py:642} INFO - Processing file /home/airflow/dags/dag2.py for tasks to queue
[2022-09-19 23:43:02,730] {logging_mixin.py:109} INFO - [2022-09-19 23:43:02,730] {dagbag.py:500} INFO - Filling up the DagBag from /home/airflow/dags/dag2.py
[2022-09-19 23:43:02,753] {processor.py:652} INFO - DAG(s) dict_keys(['dag2']) retrieved from /home/airflow/dags/dag2.py
[2022-09-19 23:43:02,763] {logging_mixin.py:109} INFO - [2022-09-19 23:43:02,763] {dag.py:2398} INFO - Sync 1 DAGs
[2022-09-19 23:43:02,774] {logging_mixin.py:109} INFO - [2022-09-19 23:43:02,774] {dag.py:2937} INFO - Setting next_dagrun for dag2 to None
[2022-09-19 23:43:02,782] {processor.py:171} INFO - Processing /home/airflow/dags/dag2.py took 0.063 seconds
[2022-09-19 23:43:20,581] {processor.py:163} INFO - Started process (PID=1647) to work on /home/airflow/dags/dag2.py
[2022-09-19 23:43:20,583] {processor.py:642} INFO - Processing file /home/airflow/dags/dag2.py for tasks to queue
[2022-09-19 23:43:20,584] {logging_mixin.py:109} INFO - [2022-09-19 23:43:20,584] {dagbag.py:500} INFO - Filling up the DagBag from /home/airflow/dags/dag2.py
[2022-09-19 23:43:20,611] {processor.py:652} INFO - DAG(s) dict_keys(['dag2']) retrieved from /home/airflow/dags/dag2.py
[2022-09-19 23:43:20,622] {logging_mixin.py:109} INFO - [2022-09-19 23:43:20,622] {dag.py:2398} INFO - Sync 1 DAGs
[2022-09-19 23:43:20,634] {logging_mixin.py:109} INFO - [2022-09-19 23:43:20,634] {dag.py:2937} INFO - Setting next_dagrun for dag2 to None
[2022-09-19 23:43:20,642] {processor.py:171} INFO - Processing /home/airflow/dags/dag2.py took 0.063 seconds
[2022-09-19 23:43:32,008] {processor.py:163} INFO - Started process (PID=1658) to work on /home/airflow/dags/dag2.py
[2022-09-19 23:43:32,011] {processor.py:642} INFO - Processing file /home/airflow/dags/dag2.py for tasks to queue
[2022-09-19 23:43:32,012] {logging_mixin.py:109} INFO - [2022-09-19 23:43:32,012] {dagbag.py:500} INFO - Filling up the DagBag from /home/airflow/dags/dag2.py
[2022-09-19 23:43:32,044] {processor.py:652} INFO - DAG(s) dict_keys(['dag2']) retrieved from /home/airflow/dags/dag2.py
[2022-09-19 23:43:32,055] {logging_mixin.py:109} INFO - [2022-09-19 23:43:32,055] {dag.py:2398} INFO - Sync 1 DAGs
[2022-09-19 23:43:32,068] {logging_mixin.py:109} INFO - [2022-09-19 23:43:32,068] {dag.py:2937} INFO - Setting next_dagrun for dag2 to None
[2022-09-19 23:43:32,081] {processor.py:171} INFO - Processing /home/airflow/dags/dag2.py took 0.081 seconds
[2022-09-19 23:43:46,408] {processor.py:163} INFO - Started process (PID=1678) to work on /home/airflow/dags/dag2.py
[2022-09-19 23:43:46,408] {processor.py:642} INFO - Processing file /home/airflow/dags/dag2.py for tasks to queue
[2022-09-19 23:43:46,409] {logging_mixin.py:109} INFO - [2022-09-19 23:43:46,409] {dagbag.py:500} INFO - Filling up the DagBag from /home/airflow/dags/dag2.py
[2022-09-19 23:43:46,424] {processor.py:652} INFO - DAG(s) dict_keys(['dag2']) retrieved from /home/airflow/dags/dag2.py
[2022-09-19 23:43:46,433] {logging_mixin.py:109} INFO - [2022-09-19 23:43:46,433] {dag.py:2398} INFO - Sync 1 DAGs
[2022-09-19 23:43:46,444] {logging_mixin.py:109} INFO - [2022-09-19 23:43:46,444] {dag.py:2937} INFO - Setting next_dagrun for dag2 to None
[2022-09-19 23:43:46,451] {processor.py:171} INFO - Processing /home/airflow/dags/dag2.py took 0.046 seconds
[2022-09-19 23:44:02,000] {processor.py:163} INFO - Started process (PID=1696) to work on /home/airflow/dags/dag2.py
[2022-09-19 23:44:02,001] {processor.py:642} INFO - Processing file /home/airflow/dags/dag2.py for tasks to queue
[2022-09-19 23:44:02,002] {logging_mixin.py:109} INFO - [2022-09-19 23:44:02,001] {dagbag.py:500} INFO - Filling up the DagBag from /home/airflow/dags/dag2.py
[2022-09-19 23:44:02,023] {processor.py:652} INFO - DAG(s) dict_keys(['dag2']) retrieved from /home/airflow/dags/dag2.py
[2022-09-19 23:44:02,033] {logging_mixin.py:109} INFO - [2022-09-19 23:44:02,033] {dag.py:2398} INFO - Sync 1 DAGs
[2022-09-19 23:44:02,045] {logging_mixin.py:109} INFO - [2022-09-19 23:44:02,044] {dag.py:2937} INFO - Setting next_dagrun for dag2 to None
[2022-09-19 23:44:02,052] {processor.py:171} INFO - Processing /home/airflow/dags/dag2.py took 0.054 seconds
[2022-09-19 23:44:23,933] {processor.py:163} INFO - Started process (PID=1732) to work on /home/airflow/dags/dag2.py
[2022-09-19 23:44:23,937] {processor.py:642} INFO - Processing file /home/airflow/dags/dag2.py for tasks to queue
[2022-09-19 23:44:23,939] {logging_mixin.py:109} INFO - [2022-09-19 23:44:23,939] {dagbag.py:500} INFO - Filling up the DagBag from /home/airflow/dags/dag2.py
[2022-09-19 23:44:23,971] {processor.py:652} INFO - DAG(s) dict_keys(['dag2']) retrieved from /home/airflow/dags/dag2.py
[2022-09-19 23:44:23,981] {logging_mixin.py:109} INFO - [2022-09-19 23:44:23,981] {dag.py:2398} INFO - Sync 1 DAGs
[2022-09-19 23:44:23,992] {logging_mixin.py:109} INFO - [2022-09-19 23:44:23,992] {dag.py:2937} INFO - Setting next_dagrun for dag2 to None
[2022-09-19 23:44:24,000] {processor.py:171} INFO - Processing /home/airflow/dags/dag2.py took 0.074 seconds
[2022-09-19 23:44:47,121] {processor.py:163} INFO - Started process (PID=1769) to work on /home/airflow/dags/dag2.py
[2022-09-19 23:44:47,122] {processor.py:642} INFO - Processing file /home/airflow/dags/dag2.py for tasks to queue
[2022-09-19 23:44:47,122] {logging_mixin.py:109} INFO - [2022-09-19 23:44:47,122] {dagbag.py:500} INFO - Filling up the DagBag from /home/airflow/dags/dag2.py
[2022-09-19 23:44:47,139] {processor.py:652} INFO - DAG(s) dict_keys(['dag2']) retrieved from /home/airflow/dags/dag2.py
[2022-09-19 23:44:47,149] {logging_mixin.py:109} INFO - [2022-09-19 23:44:47,149] {dag.py:2398} INFO - Sync 1 DAGs
[2022-09-19 23:44:47,161] {logging_mixin.py:109} INFO - [2022-09-19 23:44:47,161] {dag.py:2937} INFO - Setting next_dagrun for dag2 to None
[2022-09-19 23:44:47,168] {processor.py:171} INFO - Processing /home/airflow/dags/dag2.py took 0.049 seconds
[2022-09-19 23:45:03,754] {processor.py:163} INFO - Started process (PID=1785) to work on /home/airflow/dags/dag2.py
[2022-09-19 23:45:03,755] {processor.py:642} INFO - Processing file /home/airflow/dags/dag2.py for tasks to queue
[2022-09-19 23:45:03,756] {logging_mixin.py:109} INFO - [2022-09-19 23:45:03,756] {dagbag.py:500} INFO - Filling up the DagBag from /home/airflow/dags/dag2.py
[2022-09-19 23:45:03,774] {processor.py:652} INFO - DAG(s) dict_keys(['dag2']) retrieved from /home/airflow/dags/dag2.py
[2022-09-19 23:45:03,784] {logging_mixin.py:109} INFO - [2022-09-19 23:45:03,784] {dag.py:2398} INFO - Sync 1 DAGs
[2022-09-19 23:45:03,796] {logging_mixin.py:109} INFO - [2022-09-19 23:45:03,796] {dag.py:2937} INFO - Setting next_dagrun for dag2 to None
[2022-09-19 23:45:03,805] {processor.py:171} INFO - Processing /home/airflow/dags/dag2.py took 0.053 seconds
[2022-09-19 23:45:19,769] {processor.py:163} INFO - Started process (PID=1801) to work on /home/airflow/dags/dag2.py
[2022-09-19 23:45:19,772] {processor.py:642} INFO - Processing file /home/airflow/dags/dag2.py for tasks to queue
[2022-09-19 23:45:19,774] {logging_mixin.py:109} INFO - [2022-09-19 23:45:19,773] {dagbag.py:500} INFO - Filling up the DagBag from /home/airflow/dags/dag2.py
[2022-09-19 23:45:19,799] {processor.py:652} INFO - DAG(s) dict_keys(['dag2']) retrieved from /home/airflow/dags/dag2.py
[2022-09-19 23:45:19,810] {logging_mixin.py:109} INFO - [2022-09-19 23:45:19,810] {dag.py:2398} INFO - Sync 1 DAGs
[2022-09-19 23:45:19,821] {logging_mixin.py:109} INFO - [2022-09-19 23:45:19,821] {dag.py:2937} INFO - Setting next_dagrun for dag2 to None
[2022-09-19 23:45:19,830] {processor.py:171} INFO - Processing /home/airflow/dags/dag2.py took 0.070 seconds
[2022-09-19 23:45:31,135] {processor.py:163} INFO - Started process (PID=1811) to work on /home/airflow/dags/dag2.py
[2022-09-19 23:45:31,139] {processor.py:642} INFO - Processing file /home/airflow/dags/dag2.py for tasks to queue
[2022-09-19 23:45:31,141] {logging_mixin.py:109} INFO - [2022-09-19 23:45:31,140] {dagbag.py:500} INFO - Filling up the DagBag from /home/airflow/dags/dag2.py
[2022-09-19 23:45:31,170] {processor.py:652} INFO - DAG(s) dict_keys(['dag2']) retrieved from /home/airflow/dags/dag2.py
[2022-09-19 23:45:31,180] {logging_mixin.py:109} INFO - [2022-09-19 23:45:31,180] {dag.py:2398} INFO - Sync 1 DAGs
[2022-09-19 23:45:31,191] {logging_mixin.py:109} INFO - [2022-09-19 23:45:31,190] {dag.py:2937} INFO - Setting next_dagrun for dag2 to None
[2022-09-19 23:45:31,198] {processor.py:171} INFO - Processing /home/airflow/dags/dag2.py took 0.072 seconds
[2022-09-19 23:45:46,890] {processor.py:163} INFO - Started process (PID=1836) to work on /home/airflow/dags/dag2.py
[2022-09-19 23:45:46,891] {processor.py:642} INFO - Processing file /home/airflow/dags/dag2.py for tasks to queue
[2022-09-19 23:45:46,892] {logging_mixin.py:109} INFO - [2022-09-19 23:45:46,892] {dagbag.py:500} INFO - Filling up the DagBag from /home/airflow/dags/dag2.py
[2022-09-19 23:45:46,914] {processor.py:652} INFO - DAG(s) dict_keys(['dag2']) retrieved from /home/airflow/dags/dag2.py
[2022-09-19 23:45:46,925] {logging_mixin.py:109} INFO - [2022-09-19 23:45:46,925] {dag.py:2398} INFO - Sync 1 DAGs
[2022-09-19 23:45:46,937] {logging_mixin.py:109} INFO - [2022-09-19 23:45:46,937] {dag.py:2937} INFO - Setting next_dagrun for dag2 to None
[2022-09-19 23:45:46,948] {processor.py:171} INFO - Processing /home/airflow/dags/dag2.py took 0.063 seconds
[2022-09-19 23:46:18,317] {processor.py:163} INFO - Started process (PID=1894) to work on /home/airflow/dags/dag2.py
[2022-09-19 23:46:18,320] {processor.py:642} INFO - Processing file /home/airflow/dags/dag2.py for tasks to queue
[2022-09-19 23:46:18,322] {logging_mixin.py:109} INFO - [2022-09-19 23:46:18,322] {dagbag.py:500} INFO - Filling up the DagBag from /home/airflow/dags/dag2.py
[2022-09-19 23:46:18,344] {processor.py:652} INFO - DAG(s) dict_keys(['dag2']) retrieved from /home/airflow/dags/dag2.py
[2022-09-19 23:46:18,354] {logging_mixin.py:109} INFO - [2022-09-19 23:46:18,354] {dag.py:2398} INFO - Sync 1 DAGs
[2022-09-19 23:46:18,365] {logging_mixin.py:109} INFO - [2022-09-19 23:46:18,365] {dag.py:2937} INFO - Setting next_dagrun for dag2 to None
[2022-09-19 23:46:18,372] {processor.py:171} INFO - Processing /home/airflow/dags/dag2.py took 0.063 seconds
[2022-09-19 23:46:41,484] {processor.py:163} INFO - Started process (PID=1916) to work on /home/airflow/dags/dag2.py
[2022-09-19 23:46:41,488] {processor.py:642} INFO - Processing file /home/airflow/dags/dag2.py for tasks to queue
[2022-09-19 23:46:41,489] {logging_mixin.py:109} INFO - [2022-09-19 23:46:41,489] {dagbag.py:500} INFO - Filling up the DagBag from /home/airflow/dags/dag2.py
[2022-09-19 23:46:41,510] {processor.py:652} INFO - DAG(s) dict_keys(['dag2']) retrieved from /home/airflow/dags/dag2.py
[2022-09-19 23:46:41,520] {logging_mixin.py:109} INFO - [2022-09-19 23:46:41,520] {dag.py:2398} INFO - Sync 1 DAGs
[2022-09-19 23:46:41,531] {logging_mixin.py:109} INFO - [2022-09-19 23:46:41,531] {dag.py:2937} INFO - Setting next_dagrun for dag2 to None
[2022-09-19 23:46:41,539] {processor.py:171} INFO - Processing /home/airflow/dags/dag2.py took 0.062 seconds
[2022-09-19 23:46:54,374] {processor.py:163} INFO - Started process (PID=1930) to work on /home/airflow/dags/dag2.py
[2022-09-19 23:46:54,377] {processor.py:642} INFO - Processing file /home/airflow/dags/dag2.py for tasks to queue
[2022-09-19 23:46:54,380] {logging_mixin.py:109} INFO - [2022-09-19 23:46:54,379] {dagbag.py:500} INFO - Filling up the DagBag from /home/airflow/dags/dag2.py
[2022-09-19 23:46:54,404] {processor.py:652} INFO - DAG(s) dict_keys(['dag2']) retrieved from /home/airflow/dags/dag2.py
[2022-09-19 23:46:54,415] {logging_mixin.py:109} INFO - [2022-09-19 23:46:54,415] {dag.py:2398} INFO - Sync 1 DAGs
[2022-09-19 23:46:54,425] {logging_mixin.py:109} INFO - [2022-09-19 23:46:54,425] {dag.py:2937} INFO - Setting next_dagrun for dag2 to None
[2022-09-19 23:46:54,433] {processor.py:171} INFO - Processing /home/airflow/dags/dag2.py took 0.068 seconds
[2022-09-19 23:47:04,056] {processor.py:163} INFO - Started process (PID=1940) to work on /home/airflow/dags/dag2.py
[2022-09-19 23:47:04,057] {processor.py:642} INFO - Processing file /home/airflow/dags/dag2.py for tasks to queue
[2022-09-19 23:47:04,058] {logging_mixin.py:109} INFO - [2022-09-19 23:47:04,058] {dagbag.py:500} INFO - Filling up the DagBag from /home/airflow/dags/dag2.py
[2022-09-19 23:47:04,073] {processor.py:652} INFO - DAG(s) dict_keys(['dag2']) retrieved from /home/airflow/dags/dag2.py
[2022-09-19 23:47:04,083] {logging_mixin.py:109} INFO - [2022-09-19 23:47:04,082] {dag.py:2398} INFO - Sync 1 DAGs
[2022-09-19 23:47:04,094] {logging_mixin.py:109} INFO - [2022-09-19 23:47:04,094] {dag.py:2937} INFO - Setting next_dagrun for dag2 to None
[2022-09-19 23:47:04,101] {processor.py:171} INFO - Processing /home/airflow/dags/dag2.py took 0.049 seconds
[2022-09-19 23:47:18,072] {processor.py:163} INFO - Started process (PID=1953) to work on /home/airflow/dags/dag2.py
[2022-09-19 23:47:18,075] {processor.py:642} INFO - Processing file /home/airflow/dags/dag2.py for tasks to queue
[2022-09-19 23:47:18,077] {logging_mixin.py:109} INFO - [2022-09-19 23:47:18,077] {dagbag.py:500} INFO - Filling up the DagBag from /home/airflow/dags/dag2.py
[2022-09-19 23:47:18,100] {processor.py:652} INFO - DAG(s) dict_keys(['dag2']) retrieved from /home/airflow/dags/dag2.py
[2022-09-19 23:47:18,111] {logging_mixin.py:109} INFO - [2022-09-19 23:47:18,111] {dag.py:2398} INFO - Sync 1 DAGs
[2022-09-19 23:47:18,122] {logging_mixin.py:109} INFO - [2022-09-19 23:47:18,122] {dag.py:2937} INFO - Setting next_dagrun for dag2 to None
[2022-09-19 23:47:18,129] {processor.py:171} INFO - Processing /home/airflow/dags/dag2.py took 0.066 seconds
[2022-09-19 23:47:30,902] {processor.py:163} INFO - Started process (PID=1966) to work on /home/airflow/dags/dag2.py
[2022-09-19 23:47:30,905] {processor.py:642} INFO - Processing file /home/airflow/dags/dag2.py for tasks to queue
[2022-09-19 23:47:30,906] {logging_mixin.py:109} INFO - [2022-09-19 23:47:30,906] {dagbag.py:500} INFO - Filling up the DagBag from /home/airflow/dags/dag2.py
[2022-09-19 23:47:30,928] {processor.py:652} INFO - DAG(s) dict_keys(['dag2']) retrieved from /home/airflow/dags/dag2.py
[2022-09-19 23:47:30,938] {logging_mixin.py:109} INFO - [2022-09-19 23:47:30,938] {dag.py:2398} INFO - Sync 1 DAGs
[2022-09-19 23:47:30,950] {logging_mixin.py:109} INFO - [2022-09-19 23:47:30,950] {dag.py:2937} INFO - Setting next_dagrun for dag2 to None
[2022-09-19 23:47:30,963] {processor.py:171} INFO - Processing /home/airflow/dags/dag2.py took 0.069 seconds
[2022-09-19 23:47:46,098] {processor.py:163} INFO - Started process (PID=1982) to work on /home/airflow/dags/dag2.py
[2022-09-19 23:47:46,099] {processor.py:642} INFO - Processing file /home/airflow/dags/dag2.py for tasks to queue
[2022-09-19 23:47:46,100] {logging_mixin.py:109} INFO - [2022-09-19 23:47:46,100] {dagbag.py:500} INFO - Filling up the DagBag from /home/airflow/dags/dag2.py
[2022-09-19 23:47:46,117] {processor.py:652} INFO - DAG(s) dict_keys(['dag2']) retrieved from /home/airflow/dags/dag2.py
[2022-09-19 23:47:46,127] {logging_mixin.py:109} INFO - [2022-09-19 23:47:46,127] {dag.py:2398} INFO - Sync 1 DAGs
[2022-09-19 23:47:46,138] {logging_mixin.py:109} INFO - [2022-09-19 23:47:46,138] {dag.py:2937} INFO - Setting next_dagrun for dag2 to None
[2022-09-19 23:47:46,146] {processor.py:171} INFO - Processing /home/airflow/dags/dag2.py took 0.050 seconds
[2022-09-19 23:47:59,853] {processor.py:163} INFO - Started process (PID=1994) to work on /home/airflow/dags/dag2.py
[2022-09-19 23:47:59,856] {processor.py:642} INFO - Processing file /home/airflow/dags/dag2.py for tasks to queue
[2022-09-19 23:47:59,858] {logging_mixin.py:109} INFO - [2022-09-19 23:47:59,858] {dagbag.py:500} INFO - Filling up the DagBag from /home/airflow/dags/dag2.py
[2022-09-19 23:47:59,883] {processor.py:652} INFO - DAG(s) dict_keys(['dag2']) retrieved from /home/airflow/dags/dag2.py
[2022-09-19 23:47:59,894] {logging_mixin.py:109} INFO - [2022-09-19 23:47:59,894] {dag.py:2398} INFO - Sync 1 DAGs
[2022-09-19 23:47:59,904] {logging_mixin.py:109} INFO - [2022-09-19 23:47:59,904] {dag.py:2937} INFO - Setting next_dagrun for dag2 to None
[2022-09-19 23:47:59,912] {processor.py:171} INFO - Processing /home/airflow/dags/dag2.py took 0.067 seconds
[2022-09-19 23:48:11,895] {processor.py:163} INFO - Started process (PID=2007) to work on /home/airflow/dags/dag2.py
[2022-09-19 23:48:11,898] {processor.py:642} INFO - Processing file /home/airflow/dags/dag2.py for tasks to queue
[2022-09-19 23:48:11,900] {logging_mixin.py:109} INFO - [2022-09-19 23:48:11,900] {dagbag.py:500} INFO - Filling up the DagBag from /home/airflow/dags/dag2.py
[2022-09-19 23:48:11,924] {processor.py:652} INFO - DAG(s) dict_keys(['dag2']) retrieved from /home/airflow/dags/dag2.py
[2022-09-19 23:48:11,934] {logging_mixin.py:109} INFO - [2022-09-19 23:48:11,934] {dag.py:2398} INFO - Sync 1 DAGs
[2022-09-19 23:48:11,946] {logging_mixin.py:109} INFO - [2022-09-19 23:48:11,946] {dag.py:2937} INFO - Setting next_dagrun for dag2 to None
[2022-09-19 23:48:11,953] {processor.py:171} INFO - Processing /home/airflow/dags/dag2.py took 0.067 seconds
[2022-09-19 23:48:24,555] {processor.py:163} INFO - Started process (PID=2019) to work on /home/airflow/dags/dag2.py
[2022-09-19 23:48:24,556] {processor.py:642} INFO - Processing file /home/airflow/dags/dag2.py for tasks to queue
[2022-09-19 23:48:24,557] {logging_mixin.py:109} INFO - [2022-09-19 23:48:24,557] {dagbag.py:500} INFO - Filling up the DagBag from /home/airflow/dags/dag2.py
[2022-09-19 23:48:24,578] {processor.py:652} INFO - DAG(s) dict_keys(['dag2']) retrieved from /home/airflow/dags/dag2.py
[2022-09-19 23:48:24,592] {logging_mixin.py:109} INFO - [2022-09-19 23:48:24,592] {dag.py:2398} INFO - Sync 1 DAGs
[2022-09-19 23:48:24,606] {logging_mixin.py:109} INFO - [2022-09-19 23:48:24,606] {dag.py:2937} INFO - Setting next_dagrun for dag2 to None
[2022-09-19 23:48:24,626] {processor.py:171} INFO - Processing /home/airflow/dags/dag2.py took 0.074 seconds
[2022-09-19 23:48:36,261] {processor.py:163} INFO - Started process (PID=2030) to work on /home/airflow/dags/dag2.py
[2022-09-19 23:48:36,263] {processor.py:642} INFO - Processing file /home/airflow/dags/dag2.py for tasks to queue
[2022-09-19 23:48:36,265] {logging_mixin.py:109} INFO - [2022-09-19 23:48:36,264] {dagbag.py:500} INFO - Filling up the DagBag from /home/airflow/dags/dag2.py
[2022-09-19 23:48:36,285] {processor.py:652} INFO - DAG(s) dict_keys(['dag2']) retrieved from /home/airflow/dags/dag2.py
[2022-09-19 23:48:36,296] {logging_mixin.py:109} INFO - [2022-09-19 23:48:36,296] {dag.py:2398} INFO - Sync 1 DAGs
[2022-09-19 23:48:36,307] {logging_mixin.py:109} INFO - [2022-09-19 23:48:36,307] {dag.py:2937} INFO - Setting next_dagrun for dag2 to None
[2022-09-19 23:48:36,315] {processor.py:171} INFO - Processing /home/airflow/dags/dag2.py took 0.063 seconds
[2022-09-19 23:48:48,139] {processor.py:163} INFO - Started process (PID=2044) to work on /home/airflow/dags/dag2.py
[2022-09-19 23:48:48,140] {processor.py:642} INFO - Processing file /home/airflow/dags/dag2.py for tasks to queue
[2022-09-19 23:48:48,141] {logging_mixin.py:109} INFO - [2022-09-19 23:48:48,140] {dagbag.py:500} INFO - Filling up the DagBag from /home/airflow/dags/dag2.py
[2022-09-19 23:48:48,158] {processor.py:652} INFO - DAG(s) dict_keys(['dag2']) retrieved from /home/airflow/dags/dag2.py
[2022-09-19 23:48:48,167] {logging_mixin.py:109} INFO - [2022-09-19 23:48:48,167] {dag.py:2398} INFO - Sync 1 DAGs
[2022-09-19 23:48:48,179] {logging_mixin.py:109} INFO - [2022-09-19 23:48:48,179] {dag.py:2937} INFO - Setting next_dagrun for dag2 to None
[2022-09-19 23:48:48,187] {processor.py:171} INFO - Processing /home/airflow/dags/dag2.py took 0.051 seconds
[2022-09-19 23:49:00,814] {processor.py:163} INFO - Started process (PID=2056) to work on /home/airflow/dags/dag2.py
[2022-09-19 23:49:00,815] {processor.py:642} INFO - Processing file /home/airflow/dags/dag2.py for tasks to queue
[2022-09-19 23:49:00,816] {logging_mixin.py:109} INFO - [2022-09-19 23:49:00,816] {dagbag.py:500} INFO - Filling up the DagBag from /home/airflow/dags/dag2.py
[2022-09-19 23:49:00,830] {processor.py:652} INFO - DAG(s) dict_keys(['dag2']) retrieved from /home/airflow/dags/dag2.py
[2022-09-19 23:49:00,841] {logging_mixin.py:109} INFO - [2022-09-19 23:49:00,840] {dag.py:2398} INFO - Sync 1 DAGs
[2022-09-19 23:49:00,854] {logging_mixin.py:109} INFO - [2022-09-19 23:49:00,854] {dag.py:2937} INFO - Setting next_dagrun for dag2 to None
[2022-09-19 23:49:00,861] {processor.py:171} INFO - Processing /home/airflow/dags/dag2.py took 0.050 seconds
[2022-09-19 23:49:13,724] {processor.py:163} INFO - Started process (PID=2068) to work on /home/airflow/dags/dag2.py
[2022-09-19 23:49:13,726] {processor.py:642} INFO - Processing file /home/airflow/dags/dag2.py for tasks to queue
[2022-09-19 23:49:13,727] {logging_mixin.py:109} INFO - [2022-09-19 23:49:13,727] {dagbag.py:500} INFO - Filling up the DagBag from /home/airflow/dags/dag2.py
[2022-09-19 23:49:13,746] {processor.py:652} INFO - DAG(s) dict_keys(['dag2']) retrieved from /home/airflow/dags/dag2.py
[2022-09-19 23:49:13,756] {logging_mixin.py:109} INFO - [2022-09-19 23:49:13,756] {dag.py:2398} INFO - Sync 1 DAGs
[2022-09-19 23:49:13,770] {logging_mixin.py:109} INFO - [2022-09-19 23:49:13,770] {dag.py:2937} INFO - Setting next_dagrun for dag2 to None
[2022-09-19 23:49:13,779] {processor.py:171} INFO - Processing /home/airflow/dags/dag2.py took 0.058 seconds
[2022-09-19 23:49:26,136] {processor.py:163} INFO - Started process (PID=2080) to work on /home/airflow/dags/dag2.py
[2022-09-19 23:49:26,138] {processor.py:642} INFO - Processing file /home/airflow/dags/dag2.py for tasks to queue
[2022-09-19 23:49:26,139] {logging_mixin.py:109} INFO - [2022-09-19 23:49:26,138] {dagbag.py:500} INFO - Filling up the DagBag from /home/airflow/dags/dag2.py
[2022-09-19 23:49:26,165] {processor.py:652} INFO - DAG(s) dict_keys(['dag2']) retrieved from /home/airflow/dags/dag2.py
[2022-09-19 23:49:26,178] {logging_mixin.py:109} INFO - [2022-09-19 23:49:26,178] {dag.py:2398} INFO - Sync 1 DAGs
[2022-09-19 23:49:26,194] {logging_mixin.py:109} INFO - [2022-09-19 23:49:26,194] {dag.py:2937} INFO - Setting next_dagrun for dag2 to None
[2022-09-19 23:49:26,202] {processor.py:171} INFO - Processing /home/airflow/dags/dag2.py took 0.072 seconds
[2022-09-19 23:49:38,761] {processor.py:163} INFO - Started process (PID=2093) to work on /home/airflow/dags/dag2.py
[2022-09-19 23:49:38,764] {processor.py:642} INFO - Processing file /home/airflow/dags/dag2.py for tasks to queue
[2022-09-19 23:49:38,765] {logging_mixin.py:109} INFO - [2022-09-19 23:49:38,765] {dagbag.py:500} INFO - Filling up the DagBag from /home/airflow/dags/dag2.py
[2022-09-19 23:49:38,787] {processor.py:652} INFO - DAG(s) dict_keys(['dag2']) retrieved from /home/airflow/dags/dag2.py
[2022-09-19 23:49:38,798] {logging_mixin.py:109} INFO - [2022-09-19 23:49:38,798] {dag.py:2398} INFO - Sync 1 DAGs
[2022-09-19 23:49:38,809] {logging_mixin.py:109} INFO - [2022-09-19 23:49:38,809] {dag.py:2937} INFO - Setting next_dagrun for dag2 to None
[2022-09-19 23:49:38,818] {processor.py:171} INFO - Processing /home/airflow/dags/dag2.py took 0.064 seconds
[2022-09-19 23:49:52,232] {processor.py:163} INFO - Started process (PID=2107) to work on /home/airflow/dags/dag2.py
[2022-09-19 23:49:52,234] {processor.py:642} INFO - Processing file /home/airflow/dags/dag2.py for tasks to queue
[2022-09-19 23:49:52,235] {logging_mixin.py:109} INFO - [2022-09-19 23:49:52,235] {dagbag.py:500} INFO - Filling up the DagBag from /home/airflow/dags/dag2.py
[2022-09-19 23:49:52,256] {processor.py:652} INFO - DAG(s) dict_keys(['dag2']) retrieved from /home/airflow/dags/dag2.py
[2022-09-19 23:49:52,267] {logging_mixin.py:109} INFO - [2022-09-19 23:49:52,267] {dag.py:2398} INFO - Sync 1 DAGs
[2022-09-19 23:49:52,278] {logging_mixin.py:109} INFO - [2022-09-19 23:49:52,278] {dag.py:2937} INFO - Setting next_dagrun for dag2 to None
[2022-09-19 23:49:52,285] {processor.py:171} INFO - Processing /home/airflow/dags/dag2.py took 0.062 seconds
