[2022-09-19 23:46:12,879] {taskinstance.py:1043} INFO - Dependencies all met for <TaskInstance: my_dag1.accurate manual__2022-09-19T18:15:56.473667+00:00 [queued]>
[2022-09-19 23:46:12,889] {taskinstance.py:1043} INFO - Dependencies all met for <TaskInstance: my_dag1.accurate manual__2022-09-19T18:15:56.473667+00:00 [queued]>
[2022-09-19 23:46:12,889] {taskinstance.py:1249} INFO - 
--------------------------------------------------------------------------------
[2022-09-19 23:46:12,889] {taskinstance.py:1250} INFO - Starting attempt 1 of 1
[2022-09-19 23:46:12,889] {taskinstance.py:1251} INFO - 
--------------------------------------------------------------------------------
[2022-09-19 23:46:12,901] {taskinstance.py:1270} INFO - Executing <Task(BashOperator): accurate> on 2022-09-19 18:15:56.473667+00:00
[2022-09-19 23:46:12,904] {standard_task_runner.py:52} INFO - Started process 1887 to run task
[2022-09-19 23:46:12,907] {standard_task_runner.py:79} INFO - Running: ['airflow', 'tasks', 'run', 'my_dag1', 'accurate', 'manual__2022-09-19T18:15:56.473667+00:00', '--job-id', '30', '--raw', '--subdir', 'DAGS_FOLDER/airflow.py', '--cfg-path', '/tmp/tmpw3dhehfr', '--error-file', '/tmp/tmp4cpb1bc9']
[2022-09-19 23:46:12,908] {standard_task_runner.py:80} INFO - Job 30: Subtask accurate
[2022-09-19 23:46:12,945] {logging_mixin.py:109} INFO - Running <TaskInstance: my_dag1.accurate manual__2022-09-19T18:15:56.473667+00:00 [running]> on host 8eb0791cd07b
[2022-09-19 23:46:12,983] {taskinstance.py:1448} INFO - Exporting the following env vars:
AIRFLOW_CTX_DAG_OWNER=airflow
AIRFLOW_CTX_DAG_ID=my_dag1
AIRFLOW_CTX_TASK_ID=accurate
AIRFLOW_CTX_EXECUTION_DATE=2022-09-19T18:15:56.473667+00:00
AIRFLOW_CTX_DAG_RUN_ID=manual__2022-09-19T18:15:56.473667+00:00
[2022-09-19 23:46:12,984] {subprocess.py:62} INFO - Tmp dir root location: 
 /tmp
[2022-09-19 23:46:12,984] {subprocess.py:74} INFO - Running command: ['bash', '-c', "echo 'accurate'"]
[2022-09-19 23:46:12,991] {subprocess.py:85} INFO - Output:
[2022-09-19 23:46:12,992] {subprocess.py:89} INFO - accurate
[2022-09-19 23:46:12,992] {subprocess.py:93} INFO - Command exited with return code 0
[2022-09-19 23:46:13,008] {taskinstance.py:1288} INFO - Marking task as SUCCESS. dag_id=my_dag1, task_id=accurate, execution_date=20220919T181556, start_date=20220919T181612, end_date=20220919T181613
[2022-09-19 23:46:13,039] {local_task_job.py:154} INFO - Task exited with return code 0
[2022-09-19 23:46:13,056] {local_task_job.py:264} INFO - 0 downstream tasks scheduled from follow-on schedule check
