[2022-09-19 23:45:56,099] {taskinstance.py:1043} INFO - Dependencies all met for <TaskInstance: my_dag1.train_model_A scheduled__2022-09-19T11:09:00+00:00 [queued]>
[2022-09-19 23:45:56,106] {taskinstance.py:1043} INFO - Dependencies all met for <TaskInstance: my_dag1.train_model_A scheduled__2022-09-19T11:09:00+00:00 [queued]>
[2022-09-19 23:45:56,106] {taskinstance.py:1249} INFO - 
--------------------------------------------------------------------------------
[2022-09-19 23:45:56,107] {taskinstance.py:1250} INFO - Starting attempt 1 of 1
[2022-09-19 23:45:56,107] {taskinstance.py:1251} INFO - 
--------------------------------------------------------------------------------
[2022-09-19 23:45:56,117] {taskinstance.py:1270} INFO - Executing <Task(PythonOperator): train_model_A> on 2022-09-19 11:09:00+00:00
[2022-09-19 23:45:56,120] {standard_task_runner.py:52} INFO - Started process 1847 to run task
[2022-09-19 23:45:56,122] {standard_task_runner.py:79} INFO - Running: ['airflow', 'tasks', 'run', 'my_dag1', 'train_model_A', 'scheduled__2022-09-19T11:09:00+00:00', '--job-id', '21', '--raw', '--subdir', 'DAGS_FOLDER/airflow.py', '--cfg-path', '/tmp/tmppjl88udc', '--error-file', '/tmp/tmpl39sjgsv']
[2022-09-19 23:45:56,123] {standard_task_runner.py:80} INFO - Job 21: Subtask train_model_A
[2022-09-19 23:45:56,154] {logging_mixin.py:109} INFO - Running <TaskInstance: my_dag1.train_model_A scheduled__2022-09-19T11:09:00+00:00 [running]> on host 8eb0791cd07b
[2022-09-19 23:45:56,186] {taskinstance.py:1448} INFO - Exporting the following env vars:
AIRFLOW_CTX_DAG_OWNER=airflow
AIRFLOW_CTX_DAG_ID=my_dag1
AIRFLOW_CTX_TASK_ID=train_model_A
AIRFLOW_CTX_EXECUTION_DATE=2022-09-19T11:09:00+00:00
AIRFLOW_CTX_DAG_RUN_ID=scheduled__2022-09-19T11:09:00+00:00
[2022-09-19 23:45:56,187] {python.py:175} INFO - Done. Returned value was: 82
[2022-09-19 23:45:56,201] {taskinstance.py:1288} INFO - Marking task as SUCCESS. dag_id=my_dag1, task_id=train_model_A, execution_date=20220919T110900, start_date=20220919T181556, end_date=20220919T181556
[2022-09-19 23:45:56,254] {local_task_job.py:154} INFO - Task exited with return code 0
[2022-09-19 23:45:56,307] {local_task_job.py:264} INFO - 0 downstream tasks scheduled from follow-on schedule check
