[2022-09-19 22:14:47,954] {taskinstance.py:1043} INFO - Dependencies all met for <TaskInstance: my_dag.train_model_C manual__2022-09-19T16:44:42.578336+00:00 [queued]>
[2022-09-19 22:14:47,963] {taskinstance.py:1043} INFO - Dependencies all met for <TaskInstance: my_dag.train_model_C manual__2022-09-19T16:44:42.578336+00:00 [queued]>
[2022-09-19 22:14:47,963] {taskinstance.py:1249} INFO - 
--------------------------------------------------------------------------------
[2022-09-19 22:14:47,963] {taskinstance.py:1250} INFO - Starting attempt 1 of 1
[2022-09-19 22:14:47,963] {taskinstance.py:1251} INFO - 
--------------------------------------------------------------------------------
[2022-09-19 22:14:47,973] {taskinstance.py:1270} INFO - Executing <Task(PythonOperator): train_model_C> on 2022-09-19 16:44:42.578336+00:00
[2022-09-19 22:14:47,975] {standard_task_runner.py:52} INFO - Started process 5163 to run task
[2022-09-19 22:14:47,978] {standard_task_runner.py:79} INFO - Running: ['airflow', 'tasks', 'run', 'my_dag', 'train_model_C', 'manual__2022-09-19T16:44:42.578336+00:00', '--job-id', '31', '--raw', '--subdir', 'DAGS_FOLDER/airflow.py', '--cfg-path', '/tmp/tmpfai5n18d', '--error-file', '/tmp/tmp7596rbkb']
[2022-09-19 22:14:47,978] {standard_task_runner.py:80} INFO - Job 31: Subtask train_model_C
[2022-09-19 22:14:48,013] {logging_mixin.py:109} INFO - Running <TaskInstance: my_dag.train_model_C manual__2022-09-19T16:44:42.578336+00:00 [running]> on host 0eef05c196e2
[2022-09-19 22:14:48,046] {taskinstance.py:1448} INFO - Exporting the following env vars:
AIRFLOW_CTX_DAG_OWNER=airflow
AIRFLOW_CTX_DAG_ID=my_dag
AIRFLOW_CTX_TASK_ID=train_model_C
AIRFLOW_CTX_EXECUTION_DATE=2022-09-19T16:44:42.578336+00:00
AIRFLOW_CTX_DAG_RUN_ID=manual__2022-09-19T16:44:42.578336+00:00
[2022-09-19 22:14:48,046] {python.py:175} INFO - Done. Returned value was: 9
[2022-09-19 22:14:48,057] {taskinstance.py:1288} INFO - Marking task as SUCCESS. dag_id=my_dag, task_id=train_model_C, execution_date=20220919T164442, start_date=20220919T164447, end_date=20220919T164448
[2022-09-19 22:14:48,109] {local_task_job.py:154} INFO - Task exited with return code 0
[2022-09-19 22:14:48,136] {local_task_job.py:264} INFO - 1 downstream tasks scheduled from follow-on schedule check
