[2022-09-19 23:45:59,622] {taskinstance.py:1043} INFO - Dependencies all met for <TaskInstance: my_dag1.train_model_C scheduled__2022-09-19T11:09:00+00:00 [queued]>
[2022-09-19 23:45:59,629] {taskinstance.py:1043} INFO - Dependencies all met for <TaskInstance: my_dag1.train_model_C scheduled__2022-09-19T11:09:00+00:00 [queued]>
[2022-09-19 23:45:59,629] {taskinstance.py:1249} INFO - 
--------------------------------------------------------------------------------
[2022-09-19 23:45:59,629] {taskinstance.py:1250} INFO - Starting attempt 1 of 1
[2022-09-19 23:45:59,629] {taskinstance.py:1251} INFO - 
--------------------------------------------------------------------------------
[2022-09-19 23:45:59,639] {taskinstance.py:1270} INFO - Executing <Task(PythonOperator): train_model_C> on 2022-09-19 11:09:00+00:00
[2022-09-19 23:45:59,642] {standard_task_runner.py:52} INFO - Started process 1855 to run task
[2022-09-19 23:45:59,644] {standard_task_runner.py:79} INFO - Running: ['airflow', 'tasks', 'run', 'my_dag1', 'train_model_C', 'scheduled__2022-09-19T11:09:00+00:00', '--job-id', '23', '--raw', '--subdir', 'DAGS_FOLDER/airflow.py', '--cfg-path', '/tmp/tmp_651_43c', '--error-file', '/tmp/tmpyefm4vgq']
[2022-09-19 23:45:59,645] {standard_task_runner.py:80} INFO - Job 23: Subtask train_model_C
[2022-09-19 23:45:59,675] {logging_mixin.py:109} INFO - Running <TaskInstance: my_dag1.train_model_C scheduled__2022-09-19T11:09:00+00:00 [running]> on host 8eb0791cd07b
[2022-09-19 23:45:59,706] {taskinstance.py:1448} INFO - Exporting the following env vars:
AIRFLOW_CTX_DAG_OWNER=airflow
AIRFLOW_CTX_DAG_ID=my_dag1
AIRFLOW_CTX_TASK_ID=train_model_C
AIRFLOW_CTX_EXECUTION_DATE=2022-09-19T11:09:00+00:00
AIRFLOW_CTX_DAG_RUN_ID=scheduled__2022-09-19T11:09:00+00:00
[2022-09-19 23:45:59,706] {python.py:175} INFO - Done. Returned value was: 56
[2022-09-19 23:45:59,719] {taskinstance.py:1288} INFO - Marking task as SUCCESS. dag_id=my_dag1, task_id=train_model_C, execution_date=20220919T110900, start_date=20220919T181559, end_date=20220919T181559
[2022-09-19 23:45:59,736] {local_task_job.py:154} INFO - Task exited with return code 0
[2022-09-19 23:45:59,762] {local_task_job.py:264} INFO - 1 downstream tasks scheduled from follow-on schedule check
