[2022-09-19 23:45:57,916] {taskinstance.py:1043} INFO - Dependencies all met for <TaskInstance: my_dag1.train_model_B scheduled__2022-09-19T11:09:00+00:00 [queued]>
[2022-09-19 23:45:57,922] {taskinstance.py:1043} INFO - Dependencies all met for <TaskInstance: my_dag1.train_model_B scheduled__2022-09-19T11:09:00+00:00 [queued]>
[2022-09-19 23:45:57,923] {taskinstance.py:1249} INFO - 
--------------------------------------------------------------------------------
[2022-09-19 23:45:57,923] {taskinstance.py:1250} INFO - Starting attempt 1 of 1
[2022-09-19 23:45:57,923] {taskinstance.py:1251} INFO - 
--------------------------------------------------------------------------------
[2022-09-19 23:45:57,934] {taskinstance.py:1270} INFO - Executing <Task(PythonOperator): train_model_B> on 2022-09-19 11:09:00+00:00
[2022-09-19 23:45:57,940] {standard_task_runner.py:52} INFO - Started process 1851 to run task
[2022-09-19 23:45:57,945] {standard_task_runner.py:79} INFO - Running: ['airflow', 'tasks', 'run', 'my_dag1', 'train_model_B', 'scheduled__2022-09-19T11:09:00+00:00', '--job-id', '22', '--raw', '--subdir', 'DAGS_FOLDER/airflow.py', '--cfg-path', '/tmp/tmprc2nciel', '--error-file', '/tmp/tmp2bt5fc2d']
[2022-09-19 23:45:57,946] {standard_task_runner.py:80} INFO - Job 22: Subtask train_model_B
[2022-09-19 23:45:57,977] {logging_mixin.py:109} INFO - Running <TaskInstance: my_dag1.train_model_B scheduled__2022-09-19T11:09:00+00:00 [running]> on host 8eb0791cd07b
[2022-09-19 23:45:58,007] {taskinstance.py:1448} INFO - Exporting the following env vars:
AIRFLOW_CTX_DAG_OWNER=airflow
AIRFLOW_CTX_DAG_ID=my_dag1
AIRFLOW_CTX_TASK_ID=train_model_B
AIRFLOW_CTX_EXECUTION_DATE=2022-09-19T11:09:00+00:00
AIRFLOW_CTX_DAG_RUN_ID=scheduled__2022-09-19T11:09:00+00:00
[2022-09-19 23:45:58,007] {python.py:175} INFO - Done. Returned value was: 55
[2022-09-19 23:45:58,031] {taskinstance.py:1288} INFO - Marking task as SUCCESS. dag_id=my_dag1, task_id=train_model_B, execution_date=20220919T110900, start_date=20220919T181557, end_date=20220919T181558
[2022-09-19 23:45:58,076] {local_task_job.py:154} INFO - Task exited with return code 0
[2022-09-19 23:45:58,103] {local_task_job.py:264} INFO - 0 downstream tasks scheduled from follow-on schedule check
