[2022-09-19 23:46:01,534] {taskinstance.py:1043} INFO - Dependencies all met for <TaskInstance: my_dag1.train_model_A manual__2022-09-19T18:15:56.473667+00:00 [queued]>
[2022-09-19 23:46:01,541] {taskinstance.py:1043} INFO - Dependencies all met for <TaskInstance: my_dag1.train_model_A manual__2022-09-19T18:15:56.473667+00:00 [queued]>
[2022-09-19 23:46:01,541] {taskinstance.py:1249} INFO - 
--------------------------------------------------------------------------------
[2022-09-19 23:46:01,541] {taskinstance.py:1250} INFO - Starting attempt 1 of 1
[2022-09-19 23:46:01,542] {taskinstance.py:1251} INFO - 
--------------------------------------------------------------------------------
[2022-09-19 23:46:01,551] {taskinstance.py:1270} INFO - Executing <Task(PythonOperator): train_model_A> on 2022-09-19 18:15:56.473667+00:00
[2022-09-19 23:46:01,554] {standard_task_runner.py:52} INFO - Started process 1860 to run task
[2022-09-19 23:46:01,556] {standard_task_runner.py:79} INFO - Running: ['airflow', 'tasks', 'run', 'my_dag1', 'train_model_A', 'manual__2022-09-19T18:15:56.473667+00:00', '--job-id', '24', '--raw', '--subdir', 'DAGS_FOLDER/airflow.py', '--cfg-path', '/tmp/tmpoifip8dn', '--error-file', '/tmp/tmp4_z_567k']
[2022-09-19 23:46:01,557] {standard_task_runner.py:80} INFO - Job 24: Subtask train_model_A
[2022-09-19 23:46:01,585] {logging_mixin.py:109} INFO - Running <TaskInstance: my_dag1.train_model_A manual__2022-09-19T18:15:56.473667+00:00 [running]> on host 8eb0791cd07b
[2022-09-19 23:46:01,619] {taskinstance.py:1448} INFO - Exporting the following env vars:
AIRFLOW_CTX_DAG_OWNER=airflow
AIRFLOW_CTX_DAG_ID=my_dag1
AIRFLOW_CTX_TASK_ID=train_model_A
AIRFLOW_CTX_EXECUTION_DATE=2022-09-19T18:15:56.473667+00:00
AIRFLOW_CTX_DAG_RUN_ID=manual__2022-09-19T18:15:56.473667+00:00
[2022-09-19 23:46:01,619] {python.py:175} INFO - Done. Returned value was: 81
[2022-09-19 23:46:01,630] {taskinstance.py:1288} INFO - Marking task as SUCCESS. dag_id=my_dag1, task_id=train_model_A, execution_date=20220919T181556, start_date=20220919T181601, end_date=20220919T181601
[2022-09-19 23:46:01,648] {local_task_job.py:154} INFO - Task exited with return code 0
[2022-09-19 23:46:01,671] {local_task_job.py:264} INFO - 0 downstream tasks scheduled from follow-on schedule check
