[2022-09-19 23:44:45,015] {taskinstance.py:1043} INFO - Dependencies all met for <TaskInstance: my_dag.choose_best_model manual__2022-09-19T18:14:37.071070+00:00 [queued]>
[2022-09-19 23:44:45,022] {taskinstance.py:1043} INFO - Dependencies all met for <TaskInstance: my_dag.choose_best_model manual__2022-09-19T18:14:37.071070+00:00 [queued]>
[2022-09-19 23:44:45,022] {taskinstance.py:1249} INFO - 
--------------------------------------------------------------------------------
[2022-09-19 23:44:45,022] {taskinstance.py:1250} INFO - Starting attempt 1 of 1
[2022-09-19 23:44:45,022] {taskinstance.py:1251} INFO - 
--------------------------------------------------------------------------------
[2022-09-19 23:44:45,033] {taskinstance.py:1270} INFO - Executing <Task(BranchPythonOperator): choose_best_model> on 2022-09-19 18:14:37.071070+00:00
[2022-09-19 23:44:45,036] {standard_task_runner.py:52} INFO - Started process 1764 to run task
[2022-09-19 23:44:45,038] {standard_task_runner.py:79} INFO - Running: ['airflow', 'tasks', 'run', 'my_dag', 'choose_best_model', 'manual__2022-09-19T18:14:37.071070+00:00', '--job-id', '18', '--raw', '--subdir', 'DAGS_FOLDER/airflow.py', '--cfg-path', '/tmp/tmpr08co9v0', '--error-file', '/tmp/tmpxuhdkdvv']
[2022-09-19 23:44:45,038] {standard_task_runner.py:80} INFO - Job 18: Subtask choose_best_model
[2022-09-19 23:44:45,071] {logging_mixin.py:109} INFO - Running <TaskInstance: my_dag.choose_best_model manual__2022-09-19T18:14:37.071070+00:00 [running]> on host 8eb0791cd07b
[2022-09-19 23:44:45,105] {taskinstance.py:1448} INFO - Exporting the following env vars:
AIRFLOW_CTX_DAG_OWNER=airflow
AIRFLOW_CTX_DAG_ID=my_dag
AIRFLOW_CTX_TASK_ID=choose_best_model
AIRFLOW_CTX_EXECUTION_DATE=2022-09-19T18:14:37.071070+00:00
AIRFLOW_CTX_DAG_RUN_ID=manual__2022-09-19T18:14:37.071070+00:00
[2022-09-19 23:44:45,108] {python.py:175} INFO - Done. Returned value was: accurate
[2022-09-19 23:44:45,109] {skipmixin.py:140} INFO - Following branch accurate
[2022-09-19 23:44:45,109] {skipmixin.py:171} INFO - Skipping tasks ['inaccurate']
[2022-09-19 23:44:45,140] {taskinstance.py:1288} INFO - Marking task as SUCCESS. dag_id=my_dag, task_id=choose_best_model, execution_date=20220919T181437, start_date=20220919T181445, end_date=20220919T181445
[2022-09-19 23:44:45,170] {local_task_job.py:154} INFO - Task exited with return code 0
[2022-09-19 23:44:45,195] {local_task_job.py:264} INFO - 1 downstream tasks scheduled from follow-on schedule check
